This is pdfTeX, Version 3.1415926-2.4-1.40.13 (TeX Live 2012/W32TeX) (format=pdflatex 2012.8.3)  28 JAN 2013 23:16
entering extended mode
 restricted \write18 enabled.
 %&-line parsing enabled.
**Diplomarbeit.tex
(./Diplomarbeit.tex
LaTeX2e <2011/06/27>
Babel <v3.8m> and hyphenation patterns for english, dumylang, nohyphenation, ge
rman-x-2012-05-30, ngerman-x-2012-05-30, afrikaans, ancientgreek, ibycus, arabi
c, armenian, basque, bulgarian, catalan, pinyin, coptic, croatian, czech, danis
h, dutch, ukenglish, usenglishmax, esperanto, estonian, ethiopic, farsi, finnis
h, french, friulan, galician, german, ngerman, swissgerman, monogreek, greek, h
ungarian, icelandic, assamese, bengali, gujarati, hindi, kannada, malayalam, ma
rathi, oriya, panjabi, tamil, telugu, indonesian, interlingua, irish, italian, 
kurmanji, latin, latvian, lithuanian, mongolian, mongolianlmc, bokmal, nynorsk,
 polish, portuguese, romanian, romansh, russian, sanskrit, serbian, serbianc, s
lovak, slovenian, spanish, swedish, turkish, turkmen, ukrainian, uppersorbian, 
welsh, loaded.
(./preambel.tex (c:/texlive/2012/texmf-dist/tex/latex/koma-script/scrreprt.cls
Document Class: scrreprt 2012/07/29 v3.11b KOMA-Script document class (report)
(c:/texlive/2012/texmf-dist/tex/latex/koma-script/scrkbase.sty
Package: scrkbase 2012/07/29 v3.11b KOMA-Script package (KOMA-Script-dependent 
basics and keyval usage)

(c:/texlive/2012/texmf-dist/tex/latex/koma-script/scrbase.sty
Package: scrbase 2012/07/29 v3.11b KOMA-Script package (KOMA-Script-independent
 basics and keyval usage)

(c:/texlive/2012/texmf-dist/tex/latex/graphics/keyval.sty
Package: keyval 1999/03/16 v1.13 key=value parser (DPC)
\KV@toks@=\toks14
)
(c:/texlive/2012/texmf-dist/tex/latex/koma-script/scrlfile.sty
Package: scrlfile 2012/06/15 v3.12 KOMA-Script package (loading files)

Package scrlfile, 2012/06/15 v3.12 KOMA-Script package (loading files)
                  Copyright (C) Markus Kohm

))) (c:/texlive/2012/texmf-dist/tex/latex/koma-script/tocbasic.sty
Package: tocbasic 2012/04/04 v3.10b KOMA-Script package (handling toc-files)
)
Package tocbasic Info: omitting babel extension for `toc'
(tocbasic)             because of feature `nobabel' available
(tocbasic)             for `toc' on input line 117.
Package tocbasic Info: omitting babel extension for `lof'
(tocbasic)             because of feature `nobabel' available
(tocbasic)             for `lof' on input line 118.
Package tocbasic Info: omitting babel extension for `lot'
(tocbasic)             because of feature `nobabel' available
(tocbasic)             for `lot' on input line 119.
Package scrreprt Info: You've used obsolete option `12pt'.
(scrreprt)             \KOMAExecuteOptions{fontsize=12pt} will be
(scrreprt)             used instead.
(scrreprt)             You may simply replace `12pt'
(scrreprt)             by `fontsize=12pt'.
Class scrreprt Info: You've used standard option `onecolumn'.
(scrreprt)           This is correct!
(scrreprt)           Internally I'm using `twocolumn=false'.
(scrreprt)           If you'd like to set the option with \KOMAoptions,
(scrreprt)           you'd have to use `twocolumn=false' there
(scrreprt)           instead of `onecolumn', too.
Class scrreprt Info: You've used standard option `oneside'.
(scrreprt)           This is correct!
(scrreprt)           Internally I'm using `twoside=false'.
(scrreprt)           If you'd like to set the option with \KOMAoptions,
(scrreprt)           you'd have to use `twoside=false' there
(scrreprt)           instead of `oneside', too.

(c:/texlive/2012/texmf-dist/tex/latex/base/fleqn.clo
File: fleqn.clo 1998/08/17 v1.1c Standard LaTeX option (flush left equations)
\mathindent=\dimen102
)
Class scrreprt Info: You've used standard option `abstracton'.
(scrreprt)           This is correct!
(scrreprt)           Internally I'm using `abstract=true'.
(scrreprt)           If you'd like to set the option with \KOMAoptions,
(scrreprt)           you'd have to use `abstract=true' there
(scrreprt)           instead of `abstracton', too.
Class scrreprt Info: File `scrsize12pt.clo' used to setup font sizes on input l
ine 1367.

(c:/texlive/2012/texmf-dist/tex/latex/koma-script/scrsize12pt.clo
File: scrsize12pt.clo 2012/07/29 v3.11b KOMA-Script font size class option (12p
t)
)
(c:/texlive/2012/texmf-dist/tex/latex/koma-script/typearea.sty
Package: typearea 2012/07/29 v3.11b KOMA-Script package (type area)

Package typearea, 2012/07/29 v3.11b KOMA-Script package (type area)
                  Copyright (C) Frank Neukam, 1992-1994
                  Copyright (C) Markus Kohm, 1994-

\ta@bcor=\skip41
\ta@div=\count79
Package typearea Info: You've used standard option `onecolumn'.
(typearea)             This is correct!
(typearea)             Internally I'm using `twocolumn=false'.
(typearea)             If you'd like to set the option with \KOMAoptions,
(typearea)             you'd have to use `twocolumn=false' there
(typearea)             instead of `onecolumn', too.
Package typearea Info: You've used standard option `oneside'.
(typearea)             This is correct!
(typearea)             Internally I'm using `twoside=false'.
(typearea)             If you'd like to set the option with \KOMAoptions,
(typearea)             you'd have to use `twoside=false' there
(typearea)             instead of `oneside', too.
Package typearea Info: You've used standard option `a4paper'.
(typearea)             This is correct!
(typearea)             Internally I'm using `paper=a4'.
(typearea)             If you'd like to set the option with \KOMAoptions,
(typearea)             you'd have to use `paper=a4' there
(typearea)             instead of `a4paper', too.
\ta@hblk=\skip42
\ta@vblk=\skip43
\ta@temp=\skip44
Package typearea Info: These are the values describing the layout:
(typearea)             DIV  = 12
(typearea)             BCOR = 22.76219pt
(typearea)             \paperwidth      = 597.50793pt
(typearea)              \textwidth      = 431.05931pt
(typearea)              DIV departure   = -2%
(typearea)              \evensidemargin = 22.33542pt
(typearea)              \oddsidemargin  = 22.33542pt
(typearea)             \paperheight     = 845.04694pt
(typearea)              \textheight     = 606.5pt
(typearea)              \topmargin      = -1.84941pt
(typearea)              \headheight     = 18.125pt
(typearea)              \headsep        = 21.75pt
(typearea)              \topskip        = 12.0pt
(typearea)              \footskip       = 50.75pt
(typearea)              \baselineskip   = 14.5pt
(typearea)              on input line 1213.
)
\c@part=\count80
\c@chapter=\count81
\c@section=\count82
\c@subsection=\count83
\c@subsubsection=\count84
\c@paragraph=\count85
\c@subparagraph=\count86
\abovecaptionskip=\skip45
\belowcaptionskip=\skip46
\c@pti@nb@sid@b@x=\box26
\c@figure=\count87
\c@table=\count88
\bibindent=\dimen103
) (c:/texlive/2012/texmf-dist/tex/generic/babel/babel.sty
Package: babel 2008/07/08 v3.8m The Babel package

(c:/texlive/2012/texmf-dist/tex/generic/babel/english.ldf
Language: english 2005/03/30 v3.3o English support from the babel system

(c:/texlive/2012/texmf-dist/tex/generic/babel/babel.def
File: babel.def 2008/07/08 v3.8m Babel common definitions
\babel@savecnt=\count89
\U@D=\dimen104
)
\l@canadian = a dialect from \language\l@american 
\l@australian = a dialect from \language\l@british 
\l@newzealand = a dialect from \language\l@british 
))
(c:/texlive/2012/texmf-dist/tex/latex/cmbright/cmbright.sty
Package: cmbright 2005/04/13 v8.1 (WaS)
LaTeX Font Info:    Redeclaring symbol font `operators' on input line 29.
LaTeX Font Info:    Overwriting symbol font `operators' in version `normal'
(Font)                  OT1/cmr/m/n --> OT1/cmbr/m/n on input line 29.
LaTeX Font Info:    Overwriting symbol font `operators' in version `bold'
(Font)                  OT1/cmr/bx/n --> OT1/cmbr/m/n on input line 29.
LaTeX Font Info:    Redeclaring symbol font `letters' on input line 30.
LaTeX Font Info:    Overwriting symbol font `letters' in version `normal'
(Font)                  OML/cmm/m/it --> OML/cmbrm/m/it on input line 30.
LaTeX Font Info:    Overwriting symbol font `letters' in version `bold'
(Font)                  OML/cmm/b/it --> OML/cmbrm/m/it on input line 30.
LaTeX Font Info:    Overwriting symbol font `letters' in version `bold'
(Font)                  OML/cmbrm/m/it --> OML/cmbrm/b/it on input line 31.
LaTeX Font Info:    Redeclaring symbol font `symbols' on input line 32.
LaTeX Font Info:    Overwriting symbol font `symbols' in version `normal'
(Font)                  OMS/cmsy/m/n --> OMS/cmbrs/m/n on input line 32.
LaTeX Font Info:    Overwriting symbol font `symbols' in version `bold'
(Font)                  OMS/cmsy/b/n --> OMS/cmbrs/m/n on input line 32.
LaTeX Font Info:    Redeclaring math alphabet \mathit on input line 33.
LaTeX Font Info:    Overwriting math alphabet `\mathit' in version `normal'
(Font)                  OT1/cmr/m/it --> OT1/cmbr/m/sl on input line 33.
LaTeX Font Info:    Overwriting math alphabet `\mathit' in version `bold'
(Font)                  OT1/cmr/bx/it --> OT1/cmbr/m/sl on input line 33.
LaTeX Font Info:    Redeclaring math alphabet \mathbf on input line 34.
LaTeX Font Info:    Overwriting math alphabet `\mathbf' in version `normal'
(Font)                  OT1/cmr/bx/n --> OT1/cmbr/bx/n on input line 34.
LaTeX Font Info:    Overwriting math alphabet `\mathbf' in version `bold'
(Font)                  OT1/cmr/bx/n --> OT1/cmbr/bx/n on input line 34.
LaTeX Font Info:    Redeclaring math alphabet \mathtt on input line 35.
LaTeX Font Info:    Overwriting math alphabet `\mathtt' in version `normal'
(Font)                  OT1/cmtt/m/n --> OT1/cmtl/m/n on input line 35.
LaTeX Font Info:    Overwriting math alphabet `\mathtt' in version `bold'
(Font)                  OT1/cmtt/m/n --> OT1/cmtl/m/n on input line 35.
LaTeX Font Info:    Redeclaring math symbol \alpha on input line 37.
LaTeX Font Info:    Redeclaring math symbol \beta on input line 38.
LaTeX Font Info:    Redeclaring math symbol \gamma on input line 39.
LaTeX Font Info:    Redeclaring math symbol \delta on input line 40.
LaTeX Font Info:    Redeclaring math symbol \epsilon on input line 41.
LaTeX Font Info:    Redeclaring math symbol \zeta on input line 42.
LaTeX Font Info:    Redeclaring math symbol \eta on input line 43.
LaTeX Font Info:    Redeclaring math symbol \theta on input line 44.
LaTeX Font Info:    Redeclaring math symbol \iota on input line 45.
LaTeX Font Info:    Redeclaring math symbol \kappa on input line 46.
LaTeX Font Info:    Redeclaring math symbol \lambda on input line 47.
LaTeX Font Info:    Redeclaring math symbol \mu on input line 48.
LaTeX Font Info:    Redeclaring math symbol \nu on input line 49.
LaTeX Font Info:    Redeclaring math symbol \xi on input line 50.
LaTeX Font Info:    Redeclaring math symbol \pi on input line 51.
LaTeX Font Info:    Redeclaring math symbol \rho on input line 52.
LaTeX Font Info:    Redeclaring math symbol \sigma on input line 53.
LaTeX Font Info:    Redeclaring math symbol \tau on input line 54.
LaTeX Font Info:    Redeclaring math symbol \upsilon on input line 55.
LaTeX Font Info:    Redeclaring math symbol \phi on input line 56.
LaTeX Font Info:    Redeclaring math symbol \chi on input line 57.
LaTeX Font Info:    Redeclaring math symbol \psi on input line 58.
LaTeX Font Info:    Redeclaring math symbol \omega on input line 59.
LaTeX Font Info:    Redeclaring math symbol \varepsilon on input line 60.
LaTeX Font Info:    Redeclaring math symbol \vartheta on input line 61.
LaTeX Font Info:    Redeclaring math symbol \varpi on input line 62.
LaTeX Font Info:    Redeclaring math symbol \varrho on input line 63.
LaTeX Font Info:    Redeclaring math symbol \varsigma on input line 64.
LaTeX Font Info:    Redeclaring math symbol \varphi on input line 65.
LaTeX Info: Redefining \LaTeX on input line 129.
LaTeX Info: Redefining \LaTeXe on input line 139.
LaTeX Font Info:    Try loading font information for OT1+cmbr on input line 144
.

(c:/texlive/2012/texmf-dist/tex/latex/cmbright/ot1cmbr.fd
File: ot1cmbr.fd 2005/04/13 v8.1 (WaS)
))
(c:/texlive/2012/texmf-dist/tex/latex/graphics/color.sty
Package: color 2005/11/14 v1.0j Standard LaTeX Color (DPC)

(c:/texlive/2012/texmf-dist/tex/latex/latexconfig/color.cfg
File: color.cfg 2007/01/18 v1.5 color configuration of teTeX/TeXLive
)
Package color Info: Driver file: pdftex.def on input line 130.

(c:/texlive/2012/texmf-dist/tex/latex/pdftex-def/pdftex.def
File: pdftex.def 2011/05/27 v0.06d Graphics/color for pdfTeX

(c:/texlive/2012/texmf-dist/tex/generic/oberdiek/infwarerr.sty
Package: infwarerr 2010/04/08 v1.3 Providing info/warning/error messages (HO)
)
(c:/texlive/2012/texmf-dist/tex/generic/oberdiek/ltxcmds.sty
Package: ltxcmds 2011/11/09 v1.22 LaTeX kernel commands for general use (HO)
)
\Gread@gobject=\count90
))
(c:/texlive/2012/texmf-dist/tex/latex/base/fontenc.sty
Package: fontenc 2005/09/27 v1.99g Standard LaTeX package

(c:/texlive/2012/texmf-dist/tex/latex/base/t1enc.def
File: t1enc.def 2005/09/27 v1.99g Standard LaTeX file
LaTeX Font Info:    Redeclaring font encoding T1 on input line 43.
)
LaTeX Font Info:    Try loading font information for T1+cmbr on input line 100.


(c:/texlive/2012/texmf-dist/tex/latex/cmbright/t1cmbr.fd
File: t1cmbr.fd 2005/04/13 v8.1 (WaS)
))
(c:/texlive/2012/texmf-dist/tex/latex/base/inputenc.sty
Package: inputenc 2008/03/30 v1.1d Input encoding file
\inpenc@prehook=\toks15
\inpenc@posthook=\toks16

(c:/texlive/2012/texmf-dist/tex/latex/base/Latin2.def
File: latin2.def 2008/03/30 v1.1d Input encoding file
))
(c:/texlive/2012/texmf-dist/tex/latex/graphics/graphicx.sty
Package: graphicx 1999/02/16 v1.0f Enhanced LaTeX Graphics (DPC,SPQR)

(c:/texlive/2012/texmf-dist/tex/latex/graphics/graphics.sty
Package: graphics 2009/02/05 v1.0o Standard LaTeX Graphics (DPC,SPQR)

(c:/texlive/2012/texmf-dist/tex/latex/graphics/trig.sty
Package: trig 1999/03/16 v1.09 sin cos tan (DPC)
)
(c:/texlive/2012/texmf-dist/tex/latex/latexconfig/graphics.cfg
File: graphics.cfg 2010/04/23 v1.9 graphics configuration of TeX Live
)
Package graphics Info: Driver file: pdftex.def on input line 91.
)
\Gin@req@height=\dimen105
\Gin@req@width=\dimen106
)
(c:/texlive/2012/texmf-dist/tex/latex/caption/caption.sty
Package: caption 2012/02/19 v3.2f Customizing captions (AR)

(c:/texlive/2012/texmf-dist/tex/latex/caption/caption3.sty
Package: caption3 2012/01/12 v1.4b caption3 kernel (AR)
\captionmargin=\dimen107
\captionmargin@=\dimen108
\captionwidth=\dimen109
\caption@indent=\dimen110
\caption@parindent=\dimen111
\caption@hangindent=\dimen112
)
Package caption Info: KOMA-Script document class.
\c@ContinuedFloat=\count91
)
(c:/texlive/2012/texmf-dist/tex/latex/caption/subcaption.sty
Package: subcaption 2012/01/12 v1.1d Sub-captions (AR)
\c@subfigure=\count92
\c@subtable=\count93
)
(c:/texlive/2012/texmf-dist/tex/latex/tools/longtable.sty
Package: longtable 2004/02/01 v4.11 Multi-page Table package (DPC)
\LTleft=\skip47
\LTright=\skip48
\LTpre=\skip49
\LTpost=\skip50
\LTchunksize=\count94
\LTcapwidth=\dimen113
\LT@head=\box27
\LT@firsthead=\box28
\LT@foot=\box29
\LT@lastfoot=\box30
\LT@cols=\count95
\LT@rows=\count96
\c@LT@tables=\count97
\c@LT@chunks=\count98
\LT@p@ftn=\toks17
)
Class scrreprt Info: longtable captions redefined on input line 15.

(c:/texlive/2012/texmf-dist/tex/latex/amsfonts/amssymb.sty
Package: amssymb 2009/06/22 v3.00

(c:/texlive/2012/texmf-dist/tex/latex/amsfonts/amsfonts.sty
Package: amsfonts 2009/06/22 v3.00 Basic AMSFonts support
\@emptytoks=\toks18
\symAMSa=\mathgroup4
\symAMSb=\mathgroup5
LaTeX Font Info:    Overwriting math alphabet `\mathfrak' in version `bold'
(Font)                  U/euf/m/n --> U/euf/b/n on input line 96.
))
(c:/texlive/2012/texmf-dist/tex/latex/amsmath/amsmath.sty
Package: amsmath 2000/07/18 v2.13 AMS math features
\@mathmargin=\skip51

For additional information on amsmath, use the `?' option.
(c:/texlive/2012/texmf-dist/tex/latex/amsmath/amstext.sty
Package: amstext 2000/06/29 v2.01

(c:/texlive/2012/texmf-dist/tex/latex/amsmath/amsgen.sty
File: amsgen.sty 1999/11/30 v2.0
\@emptytoks=\toks19
\ex@=\dimen114
))
(c:/texlive/2012/texmf-dist/tex/latex/amsmath/amsbsy.sty
Package: amsbsy 1999/11/29 v1.2d
\pmbraise@=\dimen115
)
(c:/texlive/2012/texmf-dist/tex/latex/amsmath/amsopn.sty
Package: amsopn 1999/12/14 v2.01 operator names
)
\inf@bad=\count99
LaTeX Info: Redefining \frac on input line 211.
\uproot@=\count100
\leftroot@=\count101
LaTeX Info: Redefining \overline on input line 307.
\classnum@=\count102
\DOTSCASE@=\count103
LaTeX Info: Redefining \ldots on input line 379.
LaTeX Info: Redefining \dots on input line 382.
LaTeX Info: Redefining \cdots on input line 467.
\Mathstrutbox@=\box31
\strutbox@=\box32
\big@size=\dimen116
LaTeX Font Info:    Redeclaring font encoding OML on input line 567.
LaTeX Font Info:    Redeclaring font encoding OMS on input line 568.
\macc@depth=\count104
\c@MaxMatrixCols=\count105
\dotsspace@=\muskip10
\c@parentequation=\count106
\dspbrk@lvl=\count107
\tag@help=\toks20
\row@=\count108
\column@=\count109
\maxfields@=\count110
\andhelp@=\toks21
\eqnshift@=\dimen117
\alignsep@=\dimen118
\tagshift@=\dimen119
\tagwidth@=\dimen120
\totwidth@=\dimen121
\lineht@=\dimen122
\@envbody=\toks22
\multlinegap=\skip52
\multlinetaggap=\skip53
\mathdisplay@stack=\toks23
LaTeX Info: Redefining \[ on input line 2666.
LaTeX Info: Redefining \] on input line 2667.
)
(c:/texlive/2012/texmf-dist/tex/latex/microtype/microtype.sty
Package: microtype 2010/01/10 v2.4 Micro-typography with pdfTeX (RS)
\MT@toks=\toks24
\MT@count=\count111
LaTeX Info: Redefining \lsstyle on input line 1597.
LaTeX Info: Redefining \lslig on input line 1597.
\MT@outer@space=\skip54
LaTeX Info: Redefining \textls on input line 1605.
\MT@outer@kern=\dimen123
LaTeX Info: Redefining \textmicrotypecontext on input line 2156.
Package microtype Info: Loading configuration file microtype.cfg.

(c:/texlive/2012/texmf-dist/tex/latex/microtype/microtype.cfg
File: microtype.cfg 2010/01/10 v2.4 microtype main configuration file (RS)
))
(c:/texlive/2012/texmf-dist/tex/latex/nomencl/nomencl.sty
Package: nomencl 2005/09/22 v4.2 Nomenclature package (LN)
\nomlabelwidth=\dimen124
\nom@tempdim=\dimen125
\nomitemsep=\skip55
)
(c:/texlive/2012/texmf-dist/tex/latex/graphics/lscape.sty
Package: lscape 2000/10/22 v3.01 Landscape Pages (DPC)
)
(c:/texlive/2012/texmf-dist/tex/latex/ae/ae.sty
Package: ae 2001/02/12 1.3 Almost European Computer Modern

(c:/texlive/2012/texmf-dist/tex/latex/base/fontenc.sty
Package: fontenc 2005/09/27 v1.99g Standard LaTeX package

(c:/texlive/2012/texmf-dist/tex/latex/base/t1enc.def
File: t1enc.def 2005/09/27 v1.99g Standard LaTeX file
LaTeX Font Info:    Redeclaring font encoding T1 on input line 43.
)
LaTeX Font Info:    Try loading font information for T1+aer on input line 100.

(c:/texlive/2012/texmf-dist/tex/latex/ae/t1aer.fd
File: t1aer.fd 1997/11/16 Font definitions for T1/aer.
)))
(c:/texlive/2012/texmf-dist/tex/latex/multirow/multirow.sty
\bigstrutjot=\dimen126
)
(c:/texlive/2012/texmf-dist/tex/latex/l3packages/xfrac/xfrac.sty
(c:/texlive/2012/texmf-dist/tex/latex/l3packages/l3keys2e/l3keys2e.sty
(c:/texlive/2012/texmf-dist/tex/latex/l3kernel/expl3.sty
(c:/texlive/2012/texmf-dist/tex/latex/l3kernel/l3names.sty
(c:/texlive/2012/texmf-dist/tex/latex/l3kernel/l3bootstrap.sty
Package: l3bootstrap 2012/07/15 v3986 L3 Experimental bootstrap code
)
Package: l3names 2012/07/16 v3990 L3 Namespace for primitives
)
(c:/texlive/2012/texmf-dist/tex/latex/etex-pkg/etex.sty
Package: etex 1998/03/26 v2.0 eTeX basic definition package (PEB)
\et@xins=\count112
)
Package: expl3 2012/07/16 v3990 L3 Experimental code bundle wrapper

(c:/texlive/2012/texmf-dist/tex/latex/l3kernel/l3basics.sty
Package: l3basics 2012/07/15 v3987 L3 Basic definitions
)
(c:/texlive/2012/texmf-dist/tex/latex/l3kernel/l3expan.sty
Package: l3expan 2012/07/15 v3986 L3 Argument expansion
)
(c:/texlive/2012/texmf-dist/tex/latex/l3kernel/l3tl.sty
Package: l3tl 2012/07/15 v3986 L3 Token lists
)
(c:/texlive/2012/texmf-dist/tex/latex/l3kernel/l3seq.sty
Package: l3seq 2012/07/15 v3986 L3 Sequences and stacks
)
(c:/texlive/2012/texmf-dist/tex/latex/l3kernel/l3int.sty
Package: l3int 2012/07/15 v3986 L3 Integers
\c_max_int=\count113
\l_tmpa_int=\count114
\l_tmpb_int=\count115
\g_tmpa_int=\count116
\g_tmpb_int=\count117
\l_tmpc_int=\count118
)
(c:/texlive/2012/texmf-dist/tex/latex/l3kernel/l3quark.sty
Package: l3quark 2012/07/15 v3986 L3 Quarks
)
(c:/texlive/2012/texmf-dist/tex/latex/l3kernel/l3prg.sty
Package: l3prg 2012/07/15 v3986 L3 Control structures
\g__prg_map_int=\count119
)
(c:/texlive/2012/texmf-dist/tex/latex/l3kernel/l3clist.sty
Package: l3clist 2012/07/15 v3986 L3 Comma separated lists
)
(c:/texlive/2012/texmf-dist/tex/latex/l3kernel/l3token.sty
Package: l3token 2012/07/15 v3986 L3 Experimental token manipulation
)
(c:/texlive/2012/texmf-dist/tex/latex/l3kernel/l3prop.sty
Package: l3prop 2012/07/15 v3986 L3 Property lists
)
(c:/texlive/2012/texmf-dist/tex/latex/l3kernel/l3msg.sty
Package: l3msg 2012/07/15 v3986 L3 Messages
)
(c:/texlive/2012/texmf-dist/tex/latex/l3kernel/l3file.sty
Package: l3file 2012/07/15 v3986 L3 File and I/O operations
\l__ior_stream_int=\count120
\l_iow_line_count_int=\count121
\l__iow_target_count_int=\count122
\l__iow_current_line_int=\count123
\l__iow_current_word_int=\count124
\l__iow_current_indentation_int=\count125
)
(c:/texlive/2012/texmf-dist/tex/latex/l3kernel/l3skip.sty
Package: l3skip 2012/07/15 v3986 L3 Dimensions and skips
\l_tmpa_dim=\dimen127
\l_tmpb_dim=\dimen128
\g_tmpa_dim=\dimen129
\g_tmpb_dim=\dimen130
\l_tmpa_skip=\skip56
\l_tmpb_skip=\skip57
\g_tmpa_skip=\skip58
\g_tmpb_skip=\skip59
\c_zero_muskip=\muskip11
\c_max_muskip=\muskip12
\l_tmpa_muskip=\muskip13
\l_tmpb_muskip=\muskip14
\g_tmpa_muskip=\muskip15
\g_tmpb_muskip=\muskip16
)
(c:/texlive/2012/texmf-dist/tex/latex/l3kernel/l3keys.sty
Package: l3keys 2012/07/15 v3986 L3 Experimental key-value interfaces
\g__keyval_level_int=\count126
\l_keys_choice_int=\count127
)
(c:/texlive/2012/texmf-dist/tex/latex/l3kernel/l3fp.sty
Package: l3fp 2012/07/15 v3986 L3 Floating points
\c__fp_leading_shift_int=\count128
\c__fp_middle_shift_int=\count129
\c__fp_trailing_shift_int=\count130
\c__fp_big_leading_shift_int=\count131
\c__fp_big_middle_shift_int=\count132
\c__fp_big_trailing_shift_int=\count133
)
(c:/texlive/2012/texmf-dist/tex/latex/l3kernel/l3box.sty
Package: l3box 2012/07/15 v3986 L3 Experimental boxes
\l_tmpb_box=\box33
\g_tmpa_box=\box34
\g_tmpb_box=\box35
)
(c:/texlive/2012/texmf-dist/tex/latex/l3kernel/l3coffins.sty
Package: l3coffins 2012/07/15 v3986 L3 Coffin code layer
\l__coffin_internal_box=\box36
\l__coffin_internal_dim=\dimen131
\l__coffin_offset_x_dim=\dimen132
\l__coffin_offset_y_dim=\dimen133
\l__coffin_x_dim=\dimen134
\l__coffin_y_dim=\dimen135
\l__coffin_x_prime_dim=\dimen136
\l__coffin_y_prime_dim=\dimen137
\l__coffin_Depth_dim=\dimen138
\l__coffin_Height_dim=\dimen139
\l__coffin_TotalHeight_dim=\dimen140
\l__coffin_Width_dim=\dimen141
\c_empty_coffin=\box37
\l__coffin_aligned_coffin=\box38
\l__coffin_aligned_internal_coffin=\box39
\l_tmpa_coffin=\box40
\l_tmpb_coffin=\box41
\l__coffin_display_coffin=\box42
\l__coffin_display_coord_coffin=\box43
\l__coffin_display_pole_coffin=\box44
\l__coffin_display_offset_dim=\dimen142
\l__coffin_display_x_dim=\dimen143
\l__coffin_display_y_dim=\dimen144
)
(c:/texlive/2012/texmf-dist/tex/latex/l3kernel/l3color.sty
Package: l3color 2012/07/15 v3986 L3 Experimental colour support
)
(c:/texlive/2012/texmf-dist/tex/latex/l3kernel/l3luatex.sty
Package: l3luatex 2012/07/15 v3986 L3 Experimental LuaTeX-specific functions
\g__cctab_allocate_int=\count134
\g__cctab_stack_int=\count135
)
(c:/texlive/2012/texmf-dist/tex/latex/l3kernel/l3candidates.sty
Package: l3candidates 2012/05/12 v3633 L3 Experimental additions to l3kernel
\l__box_top_dim=\dimen145
\l__box_bottom_dim=\dimen146
\l__box_left_dim=\dimen147
\l__box_right_dim=\dimen148
\l__box_top_new_dim=\dimen149
\l__box_bottom_new_dim=\dimen150
\l__box_left_new_dim=\dimen151
\l__box_right_new_dim=\dimen152
\l__box_internal_box=\box45
\l__coffin_bounding_shift_dim=\dimen153
\l__coffin_left_corner_dim=\dimen154
\l__coffin_right_corner_dim=\dimen155
\l__coffin_bottom_corner_dim=\dimen156
\l__coffin_top_corner_dim=\dimen157
\l__coffin_scaled_total_height_dim=\dimen158
\l__coffin_scaled_width_dim=\dimen159
))
(c:/texlive/2012/texmf-dist/tex/latex/l3packages/xparse/xparse.sty
Package: xparse 2012/07/16 v3990 L3 Experimental document command parser
\l__xparse_current_arg_int=\count136
\l__xparse_m_args_int=\count137
\l__xparse_mandatory_args_int=\count138
\l__xparse_processor_int=\count139
\l__xparse_v_nesting_int=\count140
)
Package: l3keys2e 2012/07/16 v3990 LaTeX2e option processing using LaTeX3 keys
)
(c:/texlive/2012/texmf-dist/tex/latex/base/textcomp.sty
Package: textcomp 2005/09/27 v1.99g Standard LaTeX package
Package textcomp Info: Sub-encoding information:
(textcomp)               5 = only ISO-Adobe without \textcurrency
(textcomp)               4 = 5 + \texteuro
(textcomp)               3 = 4 + \textohm
(textcomp)               2 = 3 + \textestimated + \textcurrency
(textcomp)               1 = TS1 - \textcircled - \t
(textcomp)               0 = TS1 (full)
(textcomp)             Font families with sub-encoding setting implement
(textcomp)             only a restricted character set as indicated.
(textcomp)             Family '?' is the default used for unknown fonts.
(textcomp)             See the documentation for details.
Package textcomp Info: Setting ? sub-encoding to TS1/1 on input line 71.

(c:/texlive/2012/texmf-dist/tex/latex/base/ts1enc.def
File: ts1enc.def 2001/06/05 v3.0e (jk/car/fm) Standard LaTeX file
)
LaTeX Info: Redefining \oldstylenums on input line 266.
Package textcomp Info: Setting cmr sub-encoding to TS1/0 on input line 281.
Package textcomp Info: Setting cmss sub-encoding to TS1/0 on input line 282.
Package textcomp Info: Setting cmtt sub-encoding to TS1/0 on input line 283.
Package textcomp Info: Setting cmvtt sub-encoding to TS1/0 on input line 284.
Package textcomp Info: Setting cmbr sub-encoding to TS1/0 on input line 285.
Package textcomp Info: Setting cmtl sub-encoding to TS1/0 on input line 286.
Package textcomp Info: Setting ccr sub-encoding to TS1/0 on input line 287.
Package textcomp Info: Setting ptm sub-encoding to TS1/4 on input line 288.
Package textcomp Info: Setting pcr sub-encoding to TS1/4 on input line 289.
Package textcomp Info: Setting phv sub-encoding to TS1/4 on input line 290.
Package textcomp Info: Setting ppl sub-encoding to TS1/3 on input line 291.
Package textcomp Info: Setting pag sub-encoding to TS1/4 on input line 292.
Package textcomp Info: Setting pbk sub-encoding to TS1/4 on input line 293.
Package textcomp Info: Setting pnc sub-encoding to TS1/4 on input line 294.
Package textcomp Info: Setting pzc sub-encoding to TS1/4 on input line 295.
Package textcomp Info: Setting bch sub-encoding to TS1/4 on input line 296.
Package textcomp Info: Setting put sub-encoding to TS1/5 on input line 297.
Package textcomp Info: Setting uag sub-encoding to TS1/5 on input line 298.
Package textcomp Info: Setting ugq sub-encoding to TS1/5 on input line 299.
Package textcomp Info: Setting ul8 sub-encoding to TS1/4 on input line 300.
Package textcomp Info: Setting ul9 sub-encoding to TS1/4 on input line 301.
Package textcomp Info: Setting augie sub-encoding to TS1/5 on input line 302.
Package textcomp Info: Setting dayrom sub-encoding to TS1/3 on input line 303.
Package textcomp Info: Setting dayroms sub-encoding to TS1/3 on input line 304.

Package textcomp Info: Setting pxr sub-encoding to TS1/0 on input line 305.
Package textcomp Info: Setting pxss sub-encoding to TS1/0 on input line 306.
Package textcomp Info: Setting pxtt sub-encoding to TS1/0 on input line 307.
Package textcomp Info: Setting txr sub-encoding to TS1/0 on input line 308.
Package textcomp Info: Setting txss sub-encoding to TS1/0 on input line 309.
Package textcomp Info: Setting txtt sub-encoding to TS1/0 on input line 310.
Package textcomp Info: Setting lmr sub-encoding to TS1/0 on input line 311.
Package textcomp Info: Setting lmdh sub-encoding to TS1/0 on input line 312.
Package textcomp Info: Setting lmss sub-encoding to TS1/0 on input line 313.
Package textcomp Info: Setting lmssq sub-encoding to TS1/0 on input line 314.
Package textcomp Info: Setting lmvtt sub-encoding to TS1/0 on input line 315.
Package textcomp Info: Setting qhv sub-encoding to TS1/0 on input line 316.
Package textcomp Info: Setting qag sub-encoding to TS1/0 on input line 317.
Package textcomp Info: Setting qbk sub-encoding to TS1/0 on input line 318.
Package textcomp Info: Setting qcr sub-encoding to TS1/0 on input line 319.
Package textcomp Info: Setting qcs sub-encoding to TS1/0 on input line 320.
Package textcomp Info: Setting qpl sub-encoding to TS1/0 on input line 321.
Package textcomp Info: Setting qtm sub-encoding to TS1/0 on input line 322.
Package textcomp Info: Setting qzc sub-encoding to TS1/0 on input line 323.
Package textcomp Info: Setting qhvc sub-encoding to TS1/0 on input line 324.
Package textcomp Info: Setting futs sub-encoding to TS1/4 on input line 325.
Package textcomp Info: Setting futx sub-encoding to TS1/4 on input line 326.
Package textcomp Info: Setting futj sub-encoding to TS1/4 on input line 327.
Package textcomp Info: Setting hlh sub-encoding to TS1/3 on input line 328.
Package textcomp Info: Setting hls sub-encoding to TS1/3 on input line 329.
Package textcomp Info: Setting hlst sub-encoding to TS1/3 on input line 330.
Package textcomp Info: Setting hlct sub-encoding to TS1/5 on input line 331.
Package textcomp Info: Setting hlx sub-encoding to TS1/5 on input line 332.
Package textcomp Info: Setting hlce sub-encoding to TS1/5 on input line 333.
Package textcomp Info: Setting hlcn sub-encoding to TS1/5 on input line 334.
Package textcomp Info: Setting hlcw sub-encoding to TS1/5 on input line 335.
Package textcomp Info: Setting hlcf sub-encoding to TS1/5 on input line 336.
Package textcomp Info: Setting pplx sub-encoding to TS1/3 on input line 337.
Package textcomp Info: Setting pplj sub-encoding to TS1/3 on input line 338.
Package textcomp Info: Setting ptmx sub-encoding to TS1/4 on input line 339.
Package textcomp Info: Setting ptmj sub-encoding to TS1/4 on input line 340.
)
(c:/texlive/2012/texmf-dist/tex/latex/l3packages/xtemplate/xtemplate.sty
Package: xtemplate 2012/07/16 v3990 L3 Experimental prototype document function
s
\l__xtemplate_tmp_dim=\dimen160
\l__xtemplate_tmp_int=\count141
\l__xtemplate_tmp_muskip=\muskip17
\l__xtemplate_tmp_skip=\skip60
Variant \prop_get:NoNTF already defined; not changing it on line 105
Variant \prop_get:NoNT already defined; not changing it on line 106
Variant \prop_get:NoNF already defined; not changing it on line 107
)
Package: xfrac 2012/06/30 v3875 L3 Experimental split-level fractions
\l__xfrac_slash_box=\box46
\l__xfrac_tmp_box=\box47
\l__xfrac_denominator_bot_sep_dim=\dimen161
\l__xfrac_numerator_bot_sep_dim=\dimen162
\l__xfrac_numerator_top_sep_dim=\dimen163
\l__xfrac_slash_left_sep_dim=\dimen164
\l__xfrac_slash_right_sep_dim=\dimen165
\l__xfrac_slash_left_muskip=\muskip18
\l__xfrac_slash_right_muskip=\muskip19
.................................................
. xtemplate info: "declare-object-type"
. 
. Declaring object type 'xfrac' taking 3 argument(s) on line 96.
.................................................
.................................................
. LaTeX info: "xparse/define-command"
. 
. Defining document command \sfrac with arg. spec. 'omom' on line 436.
.................................................
)
(c:/texlive/2012/texmf-dist/tex/latex/xcolor/xcolor.sty
Package: xcolor 2007/01/21 v2.11 LaTeX color extensions (UK)

(c:/texlive/2012/texmf-dist/tex/latex/latexconfig/color.cfg
File: color.cfg 2007/01/18 v1.5 color configuration of teTeX/TeXLive
)
Package xcolor Info: Driver file: pdftex.def on input line 225.

(c:/texlive/2012/texmf-dist/tex/latex/colortbl/colortbl.sty
Package: colortbl 2012/02/13 v1.0a Color table columns (DPC)

(c:/texlive/2012/texmf-dist/tex/latex/tools/array.sty
Package: array 2008/09/09 v2.4c Tabular extension package (FMi)
\col@sep=\dimen166
\extrarowheight=\dimen167
\NC@list=\toks25
\extratabsurround=\skip61
\backup@length=\skip62
)
\everycr=\toks26
\minrowclearance=\skip63
)
LaTeX Info: Redefining \color on input line 702.
\rownum=\count142
Package xcolor Info: Model `cmy' substituted by `cmy0' on input line 1337.
Package xcolor Info: Model `hsb' substituted by `rgb' on input line 1341.
Package xcolor Info: Model `RGB' extended on input line 1353.
Package xcolor Info: Model `HTML' substituted by `rgb' on input line 1355.
Package xcolor Info: Model `Hsb' substituted by `hsb' on input line 1356.
Package xcolor Info: Model `tHsb' substituted by `hsb' on input line 1357.
Package xcolor Info: Model `HSB' substituted by `hsb' on input line 1358.
Package xcolor Info: Model `Gray' substituted by `gray' on input line 1359.
Package xcolor Info: Model `wave' substituted by `hsb' on input line 1360.
)
(c:/texlive/2012/texmf-dist/tex/latex/hyperref/hyperref.sty
Package: hyperref 2012/07/29 v6.82v Hypertext links for LaTeX

(c:/texlive/2012/texmf-dist/tex/generic/oberdiek/hobsub-hyperref.sty
Package: hobsub-hyperref 2012/05/28 v1.13 Bundle oberdiek, subset hyperref (HO)


(c:/texlive/2012/texmf-dist/tex/generic/oberdiek/hobsub-generic.sty
Package: hobsub-generic 2012/05/28 v1.13 Bundle oberdiek, subset generic (HO)
Package: hobsub 2012/05/28 v1.13 Construct package bundles (HO)
Package hobsub Info: Skipping package `infwarerr' (already loaded).
Package hobsub Info: Skipping package `ltxcmds' (already loaded).
Package: ifluatex 2010/03/01 v1.3 Provides the ifluatex switch (HO)
Package ifluatex Info: LuaTeX not detected.
Package: ifvtex 2010/03/01 v1.5 Detect VTeX and its facilities (HO)
Package ifvtex Info: VTeX not detected.
Package: intcalc 2007/09/27 v1.1 Expandable calculations with integers (HO)
Package: ifpdf 2011/01/30 v2.3 Provides the ifpdf switch (HO)
Package ifpdf Info: pdfTeX in PDF mode is detected.
Package: etexcmds 2011/02/16 v1.5 Avoid name clashes with e-TeX commands (HO)
Package etexcmds Info: Could not find \expanded.
(etexcmds)             That can mean that you are not using pdfTeX 1.50 or
(etexcmds)             that some package has redefined \expanded.
(etexcmds)             In the latter case, load this package earlier.
Package: kvsetkeys 2012/04/25 v1.16 Key value parser (HO)
Package: kvdefinekeys 2011/04/07 v1.3 Define keys (HO)
Package: pdftexcmds 2011/11/29 v0.20 Utility functions of pdfTeX for LuaTeX (HO
)
Package pdftexcmds Info: LuaTeX not detected.
Package pdftexcmds Info: \pdf@primitive is available.
Package pdftexcmds Info: \pdf@ifprimitive is available.
Package pdftexcmds Info: \pdfdraftmode found.
Package: pdfescape 2011/11/25 v1.13 Implements pdfTeX's escape features (HO)
Package: bigintcalc 2012/04/08 v1.3 Expandable calculations on big integers (HO
)
Package: bitset 2011/01/30 v1.1 Handle bit-vector datatype (HO)
Package: uniquecounter 2011/01/30 v1.2 Provide unlimited unique counter (HO)
)
Package hobsub Info: Skipping package `hobsub' (already loaded).
Package: letltxmacro 2010/09/02 v1.4 Let assignment for LaTeX macros (HO)
Package: hopatch 2012/05/28 v1.2 Wrapper for package hooks (HO)
Package: xcolor-patch 2011/01/30 xcolor patch
Package: atveryend 2011/06/30 v1.8 Hooks at the very end of document (HO)
Package atveryend Info: \enddocument detected (standard20110627).
Package: atbegshi 2011/10/05 v1.16 At begin shipout hook (HO)
Package: refcount 2011/10/16 v3.4 Data extraction from label references (HO)
Package: hycolor 2011/01/30 v1.7 Color options for hyperref/bookmark (HO)
)
(c:/texlive/2012/texmf-dist/tex/generic/ifxetex/ifxetex.sty
Package: ifxetex 2010/09/12 v0.6 Provides ifxetex conditional
)
(c:/texlive/2012/texmf-dist/tex/latex/oberdiek/auxhook.sty
Package: auxhook 2011/03/04 v1.3 Hooks for auxiliary files (HO)
)
(c:/texlive/2012/texmf-dist/tex/latex/oberdiek/kvoptions.sty
Package: kvoptions 2011/06/30 v3.11 Key value format for package options (HO)
)
\@linkdim=\dimen168
\Hy@linkcounter=\count143
\Hy@pagecounter=\count144

(c:/texlive/2012/texmf-dist/tex/latex/hyperref/pd1enc.def
File: pd1enc.def 2012/07/29 v6.82v Hyperref: PDFDocEncoding definition (HO)
)
\Hy@SavedSpaceFactor=\count145

(c:/texlive/2012/texmf-dist/tex/latex/latexconfig/hyperref.cfg
File: hyperref.cfg 2002/06/06 v1.2 hyperref configuration of TeXLive
)
Package hyperref Info: Option `colorlinks' set `true' on input line 4064.
Package hyperref Info: Option `breaklinks' set `false' on input line 4064.
Package hyperref Info: Hyper figures OFF on input line 4187.
Package hyperref Info: Link nesting OFF on input line 4192.
Package hyperref Info: Hyper index ON on input line 4195.
Package hyperref Info: Plain pages OFF on input line 4202.
Package hyperref Info: Backreferencing OFF on input line 4207.
Package hyperref Info: Implicit mode ON; LaTeX internals redefined.
Package hyperref Info: Bookmarks ON on input line 4425.
\c@Hy@tempcnt=\count146

(c:/texlive/2012/texmf-dist/tex/latex/url/url.sty
\Urlmuskip=\muskip20
Package: url 2006/04/12  ver 3.3  Verb mode for urls, etc.
)
LaTeX Info: Redefining \url on input line 4778.
\Fld@menulength=\count147
\Field@Width=\dimen169
\Fld@charsize=\dimen170
Package hyperref Info: Hyper figures OFF on input line 5968.
Package hyperref Info: Link nesting OFF on input line 5973.
Package hyperref Info: Hyper index ON on input line 5976.
Package hyperref Info: backreferencing OFF on input line 5983.
Package hyperref Info: Link coloring ON on input line 5986.
Package hyperref Info: Link coloring with OCG OFF on input line 5993.
Package hyperref Info: PDF/A mode OFF on input line 5998.
LaTeX Info: Redefining \ref on input line 6038.
LaTeX Info: Redefining \pageref on input line 6042.
\Hy@abspage=\count148
\c@Item=\count149
\c@Hfootnote=\count150
)

Package hyperref Message: Driver (autodetected): hpdftex.

(c:/texlive/2012/texmf-dist/tex/latex/hyperref/hpdftex.def
File: hpdftex.def 2012/07/29 v6.82v Hyperref driver for pdfTeX
\Fld@listcount=\count151
\c@bookmark@seq@number=\count152

(c:/texlive/2012/texmf-dist/tex/latex/oberdiek/rerunfilecheck.sty
Package: rerunfilecheck 2011/04/15 v1.7 Rerun checks for auxiliary files (HO)
Package uniquecounter Info: New unique counter `rerunfilecheck' on input line 2
82.
)
\Hy@SectionHShift=\skip64
)
(c:/texlive/2012/texmf-dist/tex/latex/paralist/paralist.sty
Package: paralist 2002/03/18 v2.3b Extended list environments (BS)
\pltopsep=\skip65
\plpartopsep=\skip66
\plitemsep=\skip67
\plparsep=\skip68
\pl@lab=\toks27
)
(c:/texlive/2012/texmf-dist/tex/latex/xifthen/xifthen.sty
Package: xifthen 2009/04/17 v1.3 Extended ifthen features

(c:/texlive/2012/texmf-dist/tex/latex/tools/calc.sty
Package: calc 2007/08/22 v4.3 Infix arithmetic (KKT,FJ)
\calc@Acount=\count153
\calc@Bcount=\count154
\calc@Adimen=\dimen171
\calc@Bdimen=\dimen172
\calc@Askip=\skip69
\calc@Bskip=\skip70
LaTeX Info: Redefining \setlength on input line 76.
LaTeX Info: Redefining \addtolength on input line 77.
\calc@Ccount=\count155
\calc@Cskip=\skip71
)
(c:/texlive/2012/texmf-dist/tex/latex/base/ifthen.sty
Package: ifthen 2001/05/26 v1.1c Standard LaTeX ifthen package (DPC)
)
(c:/texlive/2012/texmf-dist/tex/latex/ifmtarg/ifmtarg.sty
Package: ifmtarg 2009/09/02 v1.2a check for an empty argument
))
(c:/texlive/2012/texmf-dist/tex/latex/koma-script/scrhack.sty
Package: scrhack 2012/07/29 v3.11b KOMA-Script package (hacking other packages)

Package scrhack Info: hyperref hack deactivated because of
(scrhack)             detection of hyperref version, that doesn't
(scrhack)             need that hack, on input line 131.
)
(c:/texlive/2012/texmf-dist/tex/latex/pgf/basiclayer/pgf.sty
(c:/texlive/2012/texmf-dist/tex/latex/pgf/utilities/pgfrcs.sty
(c:/texlive/2012/texmf-dist/tex/generic/pgf/utilities/pgfutil-common.tex
\pgfutil@everybye=\toks28
)
(c:/texlive/2012/texmf-dist/tex/generic/pgf/utilities/pgfutil-latex.def
\pgfutil@abb=\box48

(c:/texlive/2012/texmf-dist/tex/latex/ms/everyshi.sty
Package: everyshi 2001/05/15 v3.00 EveryShipout Package (MS)
))
(c:/texlive/2012/texmf-dist/tex/generic/pgf/utilities/pgfrcs.code.tex
Package: pgfrcs 2010/10/25 v2.10 (rcs-revision 1.24)
))
Package: pgf 2008/01/15 v2.10 (rcs-revision 1.12)

(c:/texlive/2012/texmf-dist/tex/latex/pgf/basiclayer/pgfcore.sty
(c:/texlive/2012/texmf-dist/tex/latex/pgf/systemlayer/pgfsys.sty
(c:/texlive/2012/texmf-dist/tex/generic/pgf/systemlayer/pgfsys.code.tex
Package: pgfsys 2010/06/30 v2.10 (rcs-revision 1.37)

(c:/texlive/2012/texmf-dist/tex/generic/pgf/utilities/pgfkeys.code.tex
\pgfkeys@pathtoks=\toks29
\pgfkeys@temptoks=\toks30

(c:/texlive/2012/texmf-dist/tex/generic/pgf/utilities/pgfkeysfiltered.code.tex
\pgfkeys@tmptoks=\toks31
))
\pgf@x=\dimen173
\pgf@y=\dimen174
\pgf@xa=\dimen175
\pgf@ya=\dimen176
\pgf@xb=\dimen177
\pgf@yb=\dimen178
\pgf@xc=\dimen179
\pgf@yc=\dimen180
\w@pgf@writea=\write3
\r@pgf@reada=\read1
\c@pgf@counta=\count156
\c@pgf@countb=\count157
\c@pgf@countc=\count158
\c@pgf@countd=\count159
 (c:/texlive/2012/texmf-dist/tex/generic/pgf/systemlayer/pgf.cfg
File: pgf.cfg 2008/05/14  (rcs-revision 1.7)
)
Package pgfsys Info: Driver file for pgf: pgfsys-pdftex.def on input line 900.

(c:/texlive/2012/texmf-dist/tex/generic/pgf/systemlayer/pgfsys-pdftex.def
File: pgfsys-pdftex.def 2009/05/22  (rcs-revision 1.26)

(c:/texlive/2012/texmf-dist/tex/generic/pgf/systemlayer/pgfsys-common-pdf.def
File: pgfsys-common-pdf.def 2008/05/19  (rcs-revision 1.10)
)))
(c:/texlive/2012/texmf-dist/tex/generic/pgf/systemlayer/pgfsyssoftpath.code.tex
File: pgfsyssoftpath.code.tex 2008/07/18  (rcs-revision 1.7)
\pgfsyssoftpath@smallbuffer@items=\count160
\pgfsyssoftpath@bigbuffer@items=\count161
)
(c:/texlive/2012/texmf-dist/tex/generic/pgf/systemlayer/pgfsysprotocol.code.tex
File: pgfsysprotocol.code.tex 2006/10/16  (rcs-revision 1.4)
)) (c:/texlive/2012/texmf-dist/tex/generic/pgf/basiclayer/pgfcore.code.tex
Package: pgfcore 2010/04/11 v2.10 (rcs-revision 1.7)

(c:/texlive/2012/texmf-dist/tex/generic/pgf/math/pgfmath.code.tex
(c:/texlive/2012/texmf-dist/tex/generic/pgf/math/pgfmathcalc.code.tex
(c:/texlive/2012/texmf-dist/tex/generic/pgf/math/pgfmathutil.code.tex)
(c:/texlive/2012/texmf-dist/tex/generic/pgf/math/pgfmathparser.code.tex
\pgfmath@dimen=\dimen181
\pgfmath@count=\count162
\pgfmath@box=\box49
\pgfmath@toks=\toks32
\pgfmath@stack@operand=\toks33
\pgfmath@stack@operation=\toks34
)
(c:/texlive/2012/texmf-dist/tex/generic/pgf/math/pgfmathfunctions.code.tex
(c:/texlive/2012/texmf-dist/tex/generic/pgf/math/pgfmathfunctions.basic.code.te
x)
(c:/texlive/2012/texmf-dist/tex/generic/pgf/math/pgfmathfunctions.trigonometric
.code.tex)
(c:/texlive/2012/texmf-dist/tex/generic/pgf/math/pgfmathfunctions.random.code.t
ex)
(c:/texlive/2012/texmf-dist/tex/generic/pgf/math/pgfmathfunctions.comparison.co
de.tex)
(c:/texlive/2012/texmf-dist/tex/generic/pgf/math/pgfmathfunctions.base.code.tex
)
(c:/texlive/2012/texmf-dist/tex/generic/pgf/math/pgfmathfunctions.round.code.te
x)
(c:/texlive/2012/texmf-dist/tex/generic/pgf/math/pgfmathfunctions.misc.code.tex
))) (c:/texlive/2012/texmf-dist/tex/generic/pgf/math/pgfmathfloat.code.tex
\c@pgfmathroundto@lastzeros=\count163
))
(c:/texlive/2012/texmf-dist/tex/generic/pgf/basiclayer/pgfcorepoints.code.tex
File: pgfcorepoints.code.tex 2010/04/09  (rcs-revision 1.20)
\pgf@picminx=\dimen182
\pgf@picmaxx=\dimen183
\pgf@picminy=\dimen184
\pgf@picmaxy=\dimen185
\pgf@pathminx=\dimen186
\pgf@pathmaxx=\dimen187
\pgf@pathminy=\dimen188
\pgf@pathmaxy=\dimen189
\pgf@xx=\dimen190
\pgf@xy=\dimen191
\pgf@yx=\dimen192
\pgf@yy=\dimen193
\pgf@zx=\dimen194
\pgf@zy=\dimen195
)
(c:/texlive/2012/texmf-dist/tex/generic/pgf/basiclayer/pgfcorepathconstruct.cod
e.tex
File: pgfcorepathconstruct.code.tex 2010/08/03  (rcs-revision 1.24)
\pgf@path@lastx=\dimen196
\pgf@path@lasty=\dimen197
)
(c:/texlive/2012/texmf-dist/tex/generic/pgf/basiclayer/pgfcorepathusage.code.te
x
File: pgfcorepathusage.code.tex 2008/04/22  (rcs-revision 1.12)
\pgf@shorten@end@additional=\dimen198
\pgf@shorten@start@additional=\dimen199
)
(c:/texlive/2012/texmf-dist/tex/generic/pgf/basiclayer/pgfcorescopes.code.tex
File: pgfcorescopes.code.tex 2010/09/08  (rcs-revision 1.34)
\pgfpic=\box50
\pgf@hbox=\box51
\pgf@layerbox@main=\box52
\pgf@picture@serial@count=\count164
)
(c:/texlive/2012/texmf-dist/tex/generic/pgf/basiclayer/pgfcoregraphicstate.code
.tex
File: pgfcoregraphicstate.code.tex 2008/04/22  (rcs-revision 1.9)
\pgflinewidth=\dimen200
)
(c:/texlive/2012/texmf-dist/tex/generic/pgf/basiclayer/pgfcoretransformations.c
ode.tex
File: pgfcoretransformations.code.tex 2009/06/10  (rcs-revision 1.11)
\pgf@pt@x=\dimen201
Normal \dimen register pool exhausted, switching to extended pool.
\pgf@pt@y=\dimen256
\pgf@pt@temp=\dimen257
)
(c:/texlive/2012/texmf-dist/tex/generic/pgf/basiclayer/pgfcorequick.code.tex
File: pgfcorequick.code.tex 2008/10/09  (rcs-revision 1.3)
)
(c:/texlive/2012/texmf-dist/tex/generic/pgf/basiclayer/pgfcoreobjects.code.tex
File: pgfcoreobjects.code.tex 2006/10/11  (rcs-revision 1.2)
)
(c:/texlive/2012/texmf-dist/tex/generic/pgf/basiclayer/pgfcorepathprocessing.co
de.tex
File: pgfcorepathprocessing.code.tex 2008/10/09  (rcs-revision 1.8)
)
(c:/texlive/2012/texmf-dist/tex/generic/pgf/basiclayer/pgfcorearrows.code.tex
File: pgfcorearrows.code.tex 2008/04/23  (rcs-revision 1.11)
)
(c:/texlive/2012/texmf-dist/tex/generic/pgf/basiclayer/pgfcoreshade.code.tex
File: pgfcoreshade.code.tex 2008/11/23  (rcs-revision 1.13)
\pgf@max=\dimen258
\pgf@sys@shading@range@num=\count165
)
(c:/texlive/2012/texmf-dist/tex/generic/pgf/basiclayer/pgfcoreimage.code.tex
File: pgfcoreimage.code.tex 2010/03/25  (rcs-revision 1.16)

(c:/texlive/2012/texmf-dist/tex/generic/pgf/basiclayer/pgfcoreexternal.code.tex
File: pgfcoreexternal.code.tex 2010/09/01  (rcs-revision 1.17)
\pgfexternal@startupbox=\box53
))
(c:/texlive/2012/texmf-dist/tex/generic/pgf/basiclayer/pgfcorelayers.code.tex
File: pgfcorelayers.code.tex 2010/08/27  (rcs-revision 1.2)
)
(c:/texlive/2012/texmf-dist/tex/generic/pgf/basiclayer/pgfcoretransparency.code
.tex
File: pgfcoretransparency.code.tex 2008/01/17  (rcs-revision 1.2)
)
(c:/texlive/2012/texmf-dist/tex/generic/pgf/basiclayer/pgfcorepatterns.code.tex
File: pgfcorepatterns.code.tex 2009/07/02  (rcs-revision 1.3)
)))
(c:/texlive/2012/texmf-dist/tex/generic/pgf/modules/pgfmoduleshapes.code.tex
File: pgfmoduleshapes.code.tex 2010/09/09  (rcs-revision 1.13)
\pgfnodeparttextbox=\box54
)
(c:/texlive/2012/texmf-dist/tex/generic/pgf/modules/pgfmoduleplot.code.tex
File: pgfmoduleplot.code.tex 2010/10/22  (rcs-revision 1.8)
)
(c:/texlive/2012/texmf-dist/tex/latex/pgf/compatibility/pgfcomp-version-0-65.st
y
Package: pgfcomp-version-0-65 2007/07/03 v2.10 (rcs-revision 1.7)
\pgf@nodesepstart=\dimen259
\pgf@nodesepend=\dimen260
)
(c:/texlive/2012/texmf-dist/tex/latex/pgf/compatibility/pgfcomp-version-1-18.st
y
Package: pgfcomp-version-1-18 2007/07/23 v2.10 (rcs-revision 1.1)
)) (c:/texlive/2012/texmf-dist/tex/latex/pstricks/pstricks.sty
Package: pstricks 2011/10/31 v0.52 LaTeX wrapper for `PSTricks' (RN,HV)

(c:/texlive/2012/texmf-dist/tex/generic/pstricks/pstricks.tex
(c:/texlive/2012/texmf-dist/tex/generic/xkeyval/pst-xkey.tex
File: pst-xkey.tex 2005/11/25 v1.6 PSTricks specialization of xkeyval (HA)

(c:/texlive/2012/texmf-dist/tex/latex/xkeyval/xkeyval.sty
Package: xkeyval 2008/08/13 v2.6a package option processing (HA)

(c:/texlive/2012/texmf-dist/tex/generic/xkeyval/xkeyval.tex
\XKV@toks=\toks35
\XKV@tempa@toks=\toks36
\XKV@depth=\count166
File: xkeyval.tex 2008/08/13 v2.6a key=value parser (HA)
)))
(c:/texlive/2012/texmf-dist/tex/generic/pstricks/pst-fp.tex
`pst-fp' v0.05, 2010/01/17 (hv)
\pstFP@xs=\count167
\pstFP@xia=\count168
\pstFP@xib=\count169
\pstFP@xfa=\count170
\pstFP@xfb=\count171
\pstFP@rega=\count172
\pstFP@regb=\count173
\pstFP@regs=\count174
\pstFP@times=\count175
)
\psLoopIndex=\count176

`PSTricks' v2.29  <2012/06/04> (tvz)
\pst@dima=\dimen261
\pst@dimb=\dimen262
\pst@dimc=\dimen263
\pst@dimd=\dimen264
\pst@dimg=\dimen265
\pst@dimh=\dimen266
\pst@dimm=\dimen267
\pst@dimn=\dimen268
\pst@dimo=\dimen269
\pst@dimp=\dimen270
\pst@hbox=\box55
\pst@ibox=\box56
\pst@boxg=\box57
\pst@cnta=\count177
\pst@cntb=\count178
\pst@cntc=\count179
\pst@cntd=\count180
\pst@cntg=\count181
\pst@cnth=\count182
\pst@cntm=\count183
\pst@cntn=\count184
\pst@cnto=\count185
\pst@cntp=\count186
\@zero=\count187
\pst@toks=\toks37
(c:/texlive/2012/texmf-dist/tex/generic/pstricks/pstricks.con)
\psunit=\dimen271
\psxunit=\dimen272
\psyunit=\dimen273
\pst@C@@rType=\count188
\pslinewidth=\dimen274
\psk@startLW=\dimen275
\psk@endLW=\dimen276
\pst@customdefs=\toks38
\pslinearc=\dimen277
\pst@symbolStep=\dimen278
\pst@symbolWidth=\dimen279
\pst@symbolLinewidth=\dimen280
\everypsbox=\toks39
\psframesep=\dimen281
\pslabelsep=\dimen282
\pst@shift=\dimen283
\theoverlaybox=\box58
)
File: pstricks.tex 2012/06/04 v2.29 `PSTricks' (tvz,hv)

(c:/texlive/2012/texmf-dist/tex/generic/pstricks/pst-fp.tex)
File: pst-fp.tex 2012/06/04 v2.29 `PST-fp' (hv)
)
(c:/texlive/2012/texmf-dist/tex/latex/pgfplots/pgfplots.sty
(c:/texlive/2012/texmf-dist/tex/generic/pgfplots/pgfplots.revision.tex)
Package: pgfplots 2011/12/29 v1.5.1 (git show 1.5.1-4-g53e640f )

(c:/texlive/2012/texmf-dist/tex/latex/pgf/frontendlayer/tikz.sty
(c:/texlive/2012/texmf-dist/tex/latex/pgf/utilities/pgffor.sty
(c:/texlive/2012/texmf-dist/tex/latex/pgf/utilities/pgfkeys.sty
(c:/texlive/2012/texmf-dist/tex/generic/pgf/utilities/pgfkeys.code.tex))
(c:/texlive/2012/texmf-dist/tex/generic/pgf/utilities/pgffor.code.tex
Package: pgffor 2010/03/23 v2.10 (rcs-revision 1.18)
\pgffor@iter=\dimen284
\pgffor@skip=\dimen285
\pgffor@stack=\toks40
\pgffor@toks=\toks41
))
(c:/texlive/2012/texmf-dist/tex/generic/pgf/frontendlayer/tikz/tikz.code.tex
Package: tikz 2010/10/13 v2.10 (rcs-revision 1.76)

(c:/texlive/2012/texmf-dist/tex/generic/pgf/libraries/pgflibraryplothandlers.co
de.tex
File: pgflibraryplothandlers.code.tex 2010/05/31 v2.10 (rcs-revision 1.15)
\pgf@plot@mark@count=\count189
\pgfplotmarksize=\dimen286
)
\tikz@lastx=\dimen287
\tikz@lasty=\dimen288
\tikz@lastxsaved=\dimen289
\tikz@lastysaved=\dimen290
\tikzleveldistance=\dimen291
\tikzsiblingdistance=\dimen292
\tikz@figbox=\box59
\tikz@tempbox=\box60
\tikztreelevel=\count190
\tikznumberofchildren=\count191
\tikznumberofcurrentchild=\count192
\tikz@fig@count=\count193

(c:/texlive/2012/texmf-dist/tex/generic/pgf/modules/pgfmodulematrix.code.tex
File: pgfmodulematrix.code.tex 2010/08/24  (rcs-revision 1.4)
\pgfmatrixcurrentrow=\count194
\pgfmatrixcurrentcolumn=\count195
\pgf@matrix@numberofcolumns=\count196
)
\tikz@expandcount=\count197

(c:/texlive/2012/texmf-dist/tex/generic/pgf/frontendlayer/tikz/libraries/tikzli
brarytopaths.code.tex
File: tikzlibrarytopaths.code.tex 2008/06/17 v2.10 (rcs-revision 1.2)
)))
(c:/texlive/2012/texmf-dist/tex/generic/pgfplots/pgfplots.code.tex
(c:/texlive/2012/texmf-dist/tex/generic/pgfplots/pgfplotscore.code.tex
\t@pgfplots@toka=\toks42
\t@pgfplots@tokb=\toks43
\t@pgfplots@tokc=\toks44
\pgfplots@tmpa=\dimen293
\c@pgfplots@coordindex=\count198
\c@pgfplots@scanlineindex=\count199

(c:/texlive/2012/texmf-dist/tex/generic/pgfplots/sys/pgfplotssysgeneric.code.te
x))
(c:/texlive/2012/texmf-dist/tex/generic/pgfplots/libs/pgfplotslibrary.code.tex)

(c:/texlive/2012/texmf-dist/tex/generic/pgfplots/oldpgfcompatib/pgfplotsoldpgfs
upp_loader.code.tex
Package pgfplots: loading complementary code for your PGF version...

(c:/texlive/2012/texmf-dist/tex/generic/pgfplots/oldpgfcompatib/pgfplotsoldpgfs
upp_misc.code.tex)
(c:/texlive/2012/texmf-dist/tex/generic/pgfplots/oldpgfcompatib/pgfplotsoldpgfs
upp_pgfkeys.code.tex
\pgfkeys@pathtoks=\toks45
\pgfkeys@temptoks=\toks46

(c:/texlive/2012/texmf-dist/tex/generic/pgfplots/oldpgfcompatib/pgfplotsoldpgfs
upp_pgfkeysfiltered.code.tex
\pgfkeys@tmptoks=\toks47
))
(c:/texlive/2012/texmf-dist/tex/generic/pgfplots/oldpgfcompatib/pgfplotsoldpgfs
upp_pgfmathfloat.code.tex
\c@pgfmathroundto@lastzeros=\count200
)
(c:/texlive/2012/texmf-dist/tex/generic/pgfplots/oldpgfcompatib/pgfplotsoldpgfs
upp_pgflibraryplothandlers.code.tex
File: pgflibraryplothandlers.code.tex 2011/12/28 v2.10 (rcs-revision 1.16)
\pgf@plot@mark@count=\count201
\pgfplotmarksize=\dimen294
)
(c:/texlive/2012/texmf-dist/tex/generic/pgfplots/oldpgfcompatib/pgfplotsoldpgfs
upp_pgflibraryfpu.code.tex))
(c:/texlive/2012/texmf-dist/tex/generic/pgfplots/util/pgfplotsutil.code.tex
(c:/texlive/2012/texmf-dist/tex/generic/pgfplots/liststructure/pgfplotsliststru
cture.code.tex)
(c:/texlive/2012/texmf-dist/tex/generic/pgfplots/liststructure/pgfplotsliststru
ctureext.code.tex)
(c:/texlive/2012/texmf-dist/tex/generic/pgfplots/liststructure/pgfplotsarray.co
de.tex
Normal \count register pool exhausted, switching to extended pool.
\c@pgfplotsarray@tmp=\count277
)
(c:/texlive/2012/texmf-dist/tex/generic/pgfplots/liststructure/pgfplotsmatrix.c
ode.tex)
(c:/texlive/2012/texmf-dist/tex/generic/pgfplots/numtable/pgfplotstableshared.c
ode.tex
\c@pgfplotstable@counta=\count278
\t@pgfplotstable@a=\toks48
)
(c:/texlive/2012/texmf-dist/tex/generic/pgfplots/liststructure/pgfplotsdeque.co
de.tex)
(c:/texlive/2012/texmf-dist/tex/generic/pgfplots/util/pgfplotsbinary.code.tex)
(c:/texlive/2012/texmf-dist/tex/generic/pgfplots/util/pgfplotsutil.verb.code.te
x)
(c:/texlive/2012/texmf-dist/tex/generic/pgfplots/libs/pgflibrarypgfplots.surfsh
ading.code.tex
\c@pgfplotslibrarysurf@no=\count279

(c:/texlive/2012/texmf-dist/tex/generic/pgfplots/sys/pgflibrarypgfplots.surfsha
ding.pgfsys-pdftex.def)))
(c:/texlive/2012/texmf-dist/tex/generic/pgfplots/util/pgfplotscolormap.code.tex
)
(c:/texlive/2012/texmf-dist/tex/generic/pgfplots/pgfplotsstackedplots.code.tex)
(c:/texlive/2012/texmf-dist/tex/generic/pgfplots/pgfplotsplothandlers.code.tex
(c:/texlive/2012/texmf-dist/tex/generic/pgfplots/pgfplotsmeshplothandler.code.t
ex))
(c:/texlive/2012/texmf-dist/tex/generic/pgfplots/pgfplotscoordprocessing.code.t
ex) (c:/texlive/2012/texmf-dist/tex/generic/pgfplots/pgfplotsticks.code.tex)
(c:/texlive/2012/texmf-dist/tex/generic/pgfplots/pgfplots.paths.code.tex)
(c:/texlive/2012/texmf-dist/tex/generic/pgf/frontendlayer/tikz/libraries/tikzli
brarydecorations.code.tex
(c:/texlive/2012/texmf-dist/tex/generic/pgf/modules/pgfmoduledecorations.code.t
ex
\pgfdecoratedcompleteddistance=\dimen295
\pgfdecoratedremainingdistance=\dimen296
\pgfdecoratedinputsegmentcompleteddistance=\dimen297
\pgfdecoratedinputsegmentremainingdistance=\dimen298
\pgf@decorate@distancetomove=\dimen299
\pgf@decorate@repeatstate=\count280
\pgfdecorationsegmentamplitude=\dimen300
\pgfdecorationsegmentlength=\dimen301
)
\tikz@lib@dec@box=\box61
)
(c:/texlive/2012/texmf-dist/tex/generic/pgf/frontendlayer/tikz/libraries/tikzli
brarydecorations.pathmorphing.code.tex
(c:/texlive/2012/texmf-dist/tex/generic/pgf/libraries/decorations/pgflibrarydec
orations.pathmorphing.code.tex))
(c:/texlive/2012/texmf-dist/tex/generic/pgf/frontendlayer/tikz/libraries/tikzli
brarydecorations.pathreplacing.code.tex
(c:/texlive/2012/texmf-dist/tex/generic/pgf/libraries/decorations/pgflibrarydec
orations.pathreplacing.code.tex))
\pgfplots@numplots=\count281
\pgfplots@xmin@reg=\dimen302
\pgfplots@xmax@reg=\dimen303
\pgfplots@ymin@reg=\dimen304
\pgfplots@ymax@reg=\dimen305
\pgfplots@zmin@reg=\dimen306
\pgfplots@zmax@reg=\dimen307
)
(c:/texlive/2012/texmf-dist/tex/generic/pgf/frontendlayer/tikz/libraries/tikzli
braryplotmarks.code.tex
File: tikzlibraryplotmarks.code.tex 2008/01/09 v2.10 (rcs-revision 1.1)

(c:/texlive/2012/texmf-dist/tex/generic/pgf/libraries/pgflibraryplotmarks.code.
tex
File: pgflibraryplotmarks.code.tex 2010/10/15 v2.10 (rcs-revision 1.12)
)))
(c:/texlive/2012/texmf-dist/tex/generic/pgf/frontendlayer/tikz/libraries/tikzli
brarypositioning.code.tex
File: tikzlibrarypositioning.code.tex 2008/10/06 v2.10 (rcs-revision 1.7)
)
(c:/texlive/2012/texmf-dist/tex/generic/pgf/frontendlayer/tikz/libraries/tikzli
braryshapes.code.tex
File: tikzlibraryshapes.code.tex 2008/01/09 v2.10 (rcs-revision 1.1)

(c:/texlive/2012/texmf-dist/tex/generic/pgf/frontendlayer/tikz/libraries/tikzli
braryshapes.geometric.code.tex
File: tikzlibraryshapes.geometric.code.tex 2008/01/09 v2.10 (rcs-revision 1.1)

(c:/texlive/2012/texmf-dist/tex/generic/pgf/libraries/shapes/pgflibraryshapes.g
eometric.code.tex
File: pgflibraryshapes.geometric.code.tex 2008/06/26 v2.10 (rcs-revision 1.1)
))
(c:/texlive/2012/texmf-dist/tex/generic/pgf/frontendlayer/tikz/libraries/tikzli
braryshapes.misc.code.tex
File: tikzlibraryshapes.misc.code.tex 2008/01/09 v2.10 (rcs-revision 1.1)

(c:/texlive/2012/texmf-dist/tex/generic/pgf/libraries/shapes/pgflibraryshapes.m
isc.code.tex
File: pgflibraryshapes.misc.code.tex 2008/10/07 v2.10 (rcs-revision 1.3)
))
(c:/texlive/2012/texmf-dist/tex/generic/pgf/frontendlayer/tikz/libraries/tikzli
braryshapes.symbols.code.tex
File: tikzlibraryshapes.symbols.code.tex 2008/01/09 v2.10 (rcs-revision 1.1)

(c:/texlive/2012/texmf-dist/tex/generic/pgf/libraries/shapes/pgflibraryshapes.s
ymbols.code.tex
File: pgflibraryshapes.symbols.code.tex 2009/10/27 v2.10 (rcs-revision 1.3)
))
(c:/texlive/2012/texmf-dist/tex/generic/pgf/frontendlayer/tikz/libraries/tikzli
braryshapes.arrows.code.tex
File: tikzlibraryshapes.arrows.code.tex 2008/01/09 v2.10 (rcs-revision 1.1)

(c:/texlive/2012/texmf-dist/tex/generic/pgf/libraries/shapes/pgflibraryshapes.a
rrows.code.tex
File: pgflibraryshapes.arrows.code.tex 2008/06/26 v2.10 (rcs-revision 1.1)
))
(c:/texlive/2012/texmf-dist/tex/generic/pgf/frontendlayer/tikz/libraries/tikzli
braryshapes.callouts.code.tex
(c:/texlive/2012/texmf-dist/tex/generic/pgf/libraries/shapes/pgflibraryshapes.c
allouts.code.tex))
(c:/texlive/2012/texmf-dist/tex/generic/pgf/frontendlayer/tikz/libraries/tikzli
braryshapes.multipart.code.tex
File: tikzlibraryshapes.multipart.code.tex 2008/01/09 v2.10 (rcs-revision 1.1)

(c:/texlive/2012/texmf-dist/tex/generic/pgf/libraries/shapes/pgflibraryshapes.m
ultipart.code.tex
File: pgflibraryshapes.multipart.code.tex 2010/01/07 v2.10 (rcs-revision 1.2)
\pgfnodepartlowerbox=\box62
\pgfnodeparttwobox=\box63
\pgfnodepartthreebox=\box64
\pgfnodepartfourbox=\box65
\pgfnodeparttwentybox=\box66
\pgfnodepartnineteenbox=\box67
\pgfnodeparteighteenbox=\box68
\pgfnodepartseventeenbox=\box69
\pgfnodepartsixteenbox=\box70
\pgfnodepartfifteenbox=\box71
\pgfnodepartfourteenbox=\box72
\pgfnodepartthirteenbox=\box73
\pgfnodeparttwelvebox=\box74
\pgfnodepartelevenbox=\box75
\pgfnodeparttenbox=\box76
\pgfnodepartninebox=\box77
\pgfnodeparteightbox=\box78
\pgfnodepartsevenbox=\box79
\pgfnodepartsixbox=\box80
\pgfnodepartfivebox=\box81
)))
(c:/texlive/2012/texmf-dist/tex/generic/pgf/frontendlayer/tikz/libraries/tikzli
braryshadows.code.tex
File: tikzlibraryshadows.code.tex 2008/01/13 v2.10 (rcs-revision 1.3)

(c:/texlive/2012/texmf-dist/tex/generic/pgf/frontendlayer/tikz/libraries/tikzli
braryfadings.code.tex
File: tikzlibraryfadings.code.tex 2009/11/15 v2.10 (rcs-revision 1.2)

(c:/texlive/2012/texmf-dist/tex/generic/pgf/libraries/pgflibraryfadings.code.te
x
File: pgflibraryfadings.code.tex 2008/02/07 v2.10 (rcs-revision 1.3)
)))
(c:/texlive/2012/texmf-dist/tex/generic/pgf/frontendlayer/tikz/libraries/tikzli
braryarrows.code.tex
File: tikzlibraryarrows.code.tex 2008/01/09 v2.10 (rcs-revision 1.1)

(c:/texlive/2012/texmf-dist/tex/generic/pgf/libraries/pgflibraryarrows.code.tex
File: pgflibraryarrows.code.tex 2008/10/27 v2.10 (rcs-revision 1.9)
\arrowsize=\dimen308
))
(c:/texlive/2012/texmf-dist/tex/generic/pgf/frontendlayer/tikz/libraries/tikzli
brarycalc.code.tex
File: tikzlibrarycalc.code.tex 2009/09/04 v2.10 (rcs-revision 1.6)
)
(c:/texlive/2012/texmf-dist/tex/generic/pgf/frontendlayer/tikz/libraries/tikzli
braryscopes.code.tex
File: tikzlibraryscopes.code.tex 2008/06/27 v2.10 (rcs-revision 1.2)
)
(c:/texlive/2012/texmf-dist/tex/generic/pgf/frontendlayer/tikz/libraries/tikzli
braryintersections.code.tex
(c:/texlive/2012/texmf-dist/tex/generic/pgf/libraries/pgflibraryintersections.c
ode.tex
\pgf@intersect@solutions=\count282
))
(c:/texlive/2012/texmf-dist/tex/generic/pgf/frontendlayer/tikz/libraries/tikzli
brarythrough.code.tex
File: tikzlibrarythrough.code.tex 2008/02/03 v2.10 (rcs-revision 1.1)
) (./pgf-pie.sty
Package: pgf-pie 2011/10/01 v0.1 Some LaTeX macros for pie chart by using PGF/T
ikz package.
\c@pgfpie@angleBegin=\count283
\c@pgfpie@angleEnd=\count284
\c@pgfpie@explodeLength=\count285
\c@pgfpie@colormapLength=\count286
)
(c:/texlive/2012/texmf-dist/tex/latex/listings/listings.sty
\lst@mode=\count287
\lst@gtempboxa=\box82
\lst@token=\toks49
\lst@length=\count288
\lst@currlwidth=\dimen309
\lst@column=\count289
\lst@pos=\count290
\lst@lostspace=\dimen310
\lst@width=\dimen311
\lst@newlines=\count291
\lst@lineno=\count292
\lst@maxwidth=\dimen312

(c:/texlive/2012/texmf-dist/tex/latex/listings/lstmisc.sty
File: lstmisc.sty 2007/02/22 1.4 (Carsten Heinz)
\c@lstnumber=\count293
\lst@skipnumbers=\count294
\lst@framebox=\box83
)
(c:/texlive/2012/texmf-dist/tex/latex/listings/listings.cfg
File: listings.cfg 2007/02/22 1.4 listings configuration
))
Package scrhack Info: loading listings hack on input line 83.

(c:/texlive/2012/texmf-dist/tex/latex/koma-script/listings.hak
File: listings.hak 2012/07/29 v3.11b KOMA-Script hacking package listings
Package tocbasic Info: setting babel extension for `lol' on input line 136.
Package scrhack Info: redefining \lstlistoflistings on input line 136.
)
Package: listings 2007/02/22 1.4 (Carsten Heinz)
 (./colours.tex) (./listings_gPROMS_def.tex)
\c@program=\count295
\@nomenclaturefile=\write4
\openout4 = `Diplomarbeit.nlo'.


Writing nomenclature file Diplomarbeit.nlo
) (./pgfplots/TikZTemplates.tex)
(c:/texlive/2012/texmf-dist/tex/latex/todonotes/todonotes.sty
Package: todonotes 2012/07/25 .dtx Todonotes source and documentation.
Package: todonotes 2012/07/25
\c@@todonotes@numberoftodonotes=\count296
)
(./Diplomarbeit.aux (./Content/Preamble/CoverPage.aux)
(./Content/Preamble/TaskDescription.aux)
(./Content/Preamble/StatutoryDeclaration.aux) (./Content/Lists.aux)
(./Content/Abstract.aux) (./Content/Introduction.aux) (./Content/AirSep.aux)
(./Content/ProcessEconomics.aux) (./Content/ProcessModel.aux

LaTeX Warning: Label `eq:col:CompBalance' multiply defined.


LaTeX Warning: Label `eq:col:fug_ext' multiply defined.


LaTeX Warning: Label `eq:col:bub' multiply defined.


LaTeX Warning: Label `eq:col:CompBalance_opt' multiply defined.


LaTeX Warning: Label `eq:col:EnergyBalance' multiply defined.


LaTeX Warning: Label `eq:col:Kxy' multiply defined.


LaTeX Warning: Label `eq:cost:compressor:centrifugal' multiply defined.


LaTeX Warning: Label `eq:cost:compressor:centrifugal' multiply defined.

) (./Content/optimization.aux

LaTeX Warning: Label `' multiply defined.


LaTeX Warning: Label `eq:opt:FB' multiply defined.

) (./Content/ModelApp.aux

LaTeX Warning: Label `fig:lpc_example' multiply defined.


LaTeX Warning: Label `fig:N2_ADyn_plus' multiply defined.


LaTeX Warning: Label `sub@fig:N2_ADyn_plus' multiply defined.


LaTeX Warning: Label `fig:N2_ADyn_minus' multiply defined.


LaTeX Warning: Label `sub@fig:N2_ADyn_minus' multiply defined.


LaTeX Warning: Label `fig:N2_ADyn_plus' multiply defined.


LaTeX Warning: Label `sub@fig:N2_ADyn_plus' multiply defined.


LaTeX Warning: Label `fig:N2_ADyn_minus' multiply defined.


LaTeX Warning: Label `sub@fig:N2_ADyn_minus' multiply defined.

) (./Content/outlook.aux))
\openout1 = `Diplomarbeit.aux'.

LaTeX Font Info:    Checking defaults for OML/cmm/m/it on input line 29.
LaTeX Font Info:    ... okay on input line 29.
LaTeX Font Info:    Checking defaults for T1/cmr/m/n on input line 29.
LaTeX Font Info:    ... okay on input line 29.
LaTeX Font Info:    Checking defaults for OT1/cmr/m/n on input line 29.
LaTeX Font Info:    ... okay on input line 29.
LaTeX Font Info:    Checking defaults for OMS/cmsy/m/n on input line 29.
LaTeX Font Info:    ... okay on input line 29.
LaTeX Font Info:    Checking defaults for OMX/cmex/m/n on input line 29.
LaTeX Font Info:    ... okay on input line 29.
LaTeX Font Info:    Checking defaults for U/cmr/m/n on input line 29.
LaTeX Font Info:    ... okay on input line 29.
LaTeX Font Info:    Checking defaults for TS1/cmr/m/n on input line 29.
LaTeX Font Info:    Try loading font information for TS1+cmr on input line 29.
 (c:/texlive/2012/texmf-dist/tex/latex/base/ts1cmr.fd
File: ts1cmr.fd 1999/05/25 v2.5h Standard LaTeX font definitions
)
LaTeX Font Info:    ... okay on input line 29.
LaTeX Font Info:    Checking defaults for PD1/pdf/m/n on input line 29.
LaTeX Font Info:    ... okay on input line 29.
LaTeX Font Info:    Try loading font information for T1+aess on input line 29.
 (c:/texlive/2012/texmf-dist/tex/latex/ae/t1aess.fd
File: t1aess.fd 1997/11/16 Font definitions for T1/aess.
)
(c:/texlive/2012/texmf-dist/tex/context/base/supp-pdf.mkii
[Loading MPS to PDF converter (version 2006.09.02).]
\scratchcounter=\count297
\scratchdimen=\dimen313
\scratchbox=\box84
\nofMPsegments=\count298
\nofMParguments=\count299
\everyMPshowfont=\toks50
\MPscratchCnt=\count300
\MPscratchDim=\dimen314
\MPnumerator=\count301
\makeMPintoPDFobject=\count302
\everyMPtoPDFconversion=\toks51
) (c:/texlive/2012/texmf-dist/tex/latex/oberdiek/epstopdf-base.sty
Package: epstopdf-base 2010/02/09 v2.5 Base part for package epstopdf

(c:/texlive/2012/texmf-dist/tex/latex/oberdiek/grfext.sty
Package: grfext 2010/08/19 v1.1 Manage graphics extensions (HO)
)
Package grfext Info: Graphics extension search list:
(grfext)             [.png,.pdf,.jpg,.mps,.jpeg,.jbig2,.jb2,.PNG,.PDF,.JPG,.JPE
G,.JBIG2,.JB2,.eps]
(grfext)             \AppendGraphicsExtensions on input line 452.

(c:/texlive/2012/texmf-dist/tex/latex/latexconfig/epstopdf-sys.cfg
File: epstopdf-sys.cfg 2010/07/13 v1.3 Configuration of (r)epstopdf for TeX Liv
e
))
Package caption Info: Begin \AtBeginDocument code.
Package caption Info: hyperref package is loaded.
Package caption Info: listings package is loaded.
Package caption Info: longtable package is loaded.

(c:/texlive/2012/texmf-dist/tex/latex/caption/ltcaption.sty
Package: ltcaption 2011/09/12 v1.3 longtable captions (AR)
)
Package caption Info: End \AtBeginDocument code.
LaTeX Info: Redefining \microtypecontext on input line 29.
Package microtype Info: Generating PDF output.
Package microtype Info: Character protrusion enabled (level 2).
Package microtype Info: Using default protrusion set `alltext'.
Package microtype Info: Automatic font expansion enabled (level 2),
(microtype)             stretch: 20, shrink: 20, step: 1, non-selected.
Package microtype Info: Using default expansion set `basictext'.
Package microtype Info: No tracking.
Package microtype Info: No adjustment of interword spacing.
Package microtype Info: No adjustment of character kerning.
\AtBeginShipoutBox=\box85
Package hyperref Info: Link coloring ON on input line 29.

(c:/texlive/2012/texmf-dist/tex/latex/hyperref/nameref.sty
Package: nameref 2012/07/28 v2.41 Cross-referencing by name of section

(c:/texlive/2012/texmf-dist/tex/generic/oberdiek/gettitlestring.sty
Package: gettitlestring 2010/12/03 v1.4 Cleanup title references (HO)
)
\c@section@level=\count303
)
LaTeX Info: Redefining \ref on input line 29.
LaTeX Info: Redefining \pageref on input line 29.
LaTeX Info: Redefining \nameref on input line 29.

(./Diplomarbeit.out) (./Diplomarbeit.out)
\@outlinefile=\write5
\openout5 = `Diplomarbeit.out'.


ABD: EveryShipout initializing macros
\c@lstlisting=\count304
Package scrhack Info: undefining \float@addtolists on input line 29.
\openout2 = `Content/Preamble/CoverPage.aux'.

 (./Content/Preamble/CoverPage.tex
Package epstopdf Info: Source file: <Pictures/Logos/CPSE_Logo.eps>
(epstopdf)                    date: 2012-06-18 01:40:39
(epstopdf)                    size: 77973 bytes
(epstopdf)             Output file: <Pictures/Logos/CPSE_Logo-eps-converted-to.
pdf>
(epstopdf)                    date: 2012-06-18 02:10:43
(epstopdf)                    size: 12507 bytes
(epstopdf)             Command: <repstopdf --outfile=Pictures/Logos/CPSE_Logo-e
ps-converted-to.pdf Pictures/Logos/CPSE_Logo.eps>
(epstopdf)             \includegraphics on input line 7.
Package epstopdf Info: Output file is already uptodate.

<Pictures/Logos/CPSE_Logo-eps-converted-to.pdf, id=224, 119.44624pt x 50.1875pt
>
File: Pictures/Logos/CPSE_Logo-eps-converted-to.pdf Graphic file (type pdf)
 <use Pictures/Logos/CPSE_Logo-eps-converted-to.pdf>
Package pdftex.def Info: Pictures/Logos/CPSE_Logo-eps-converted-to.pdf used on 
input line 7.
(pdftex.def)             Requested size: 135.44472pt x 56.9055pt.
Package epstopdf Info: Source file: <Pictures/Logos/AVT_LOGO.eps>
(epstopdf)                    date: 2012-06-18 02:06:58
(epstopdf)                    size: 217855 bytes
(epstopdf)             Output file: <Pictures/Logos/AVT_LOGO-eps-converted-to.p
df>
(epstopdf)                    date: 2012-06-18 02:10:45
(epstopdf)                    size: 92310 bytes
(epstopdf)             Command: <repstopdf --outfile=Pictures/Logos/AVT_LOGO-ep
s-converted-to.pdf Pictures/Logos/AVT_LOGO.eps>
(epstopdf)             \includegraphics on input line 29.
Package epstopdf Info: Output file is already uptodate.

<Pictures/Logos/AVT_LOGO-eps-converted-to.pdf, id=225, 2008.50375pt x 575.14874
pt>
File: Pictures/Logos/AVT_LOGO-eps-converted-to.pdf Graphic file (type pdf)
 <use Pictures/Logos/AVT_LOGO-eps-converted-to.pdf>
Package pdftex.def Info: Pictures/Logos/AVT_LOGO-eps-converted-to.pdf used on i
nput line 29.
(pdftex.def)             Requested size: 198.71683pt x 56.9055pt.
Package epstopdf Info: Source file: <Pictures/Logos/PSE_Logo.eps>
(epstopdf)                    date: 2012-06-18 03:03:57
(epstopdf)                    size: 1255629 bytes
(epstopdf)             Output file: <Pictures/Logos/PSE_Logo-eps-converted-to.p
df>
(epstopdf)                    date: 2012-06-18 03:04:17
(epstopdf)                    size: 337918 bytes
(epstopdf)             Command: <repstopdf --outfile=Pictures/Logos/PSE_Logo-ep
s-converted-to.pdf Pictures/Logos/PSE_Logo.eps>
(epstopdf)             \includegraphics on input line 46.
Package epstopdf Info: Output file is already uptodate.

<Pictures/Logos/PSE_Logo-eps-converted-to.pdf, id=226, 681.54625pt x 681.54625p
t>
File: Pictures/Logos/PSE_Logo-eps-converted-to.pdf Graphic file (type pdf)
 <use Pictures/Logos/PSE_Logo-eps-converted-to.pdf>
Package pdftex.def Info: Pictures/Logos/PSE_Logo-eps-converted-to.pdf used on i
nput line 46.
(pdftex.def)             Requested size: 56.8959pt x 56.9055pt.
 [1
Non-PDF special ignored!
Non-PDF special ignored!
Non-PDF special ignored!
Non-PDF special ignored!


Non-PDF special ignored!
Non-PDF special ignored!

{c:/texlive/2012/texmf-var/fonts/map/pdftex/updmap/pdftex.map} <./Pictures/Logo
s/CPSE_Logo-eps-converted-to.pdf> <./Pictures/Logos/AVT_LOGO-eps-converted-to.p
df> <./Pictures/Logos/PSE_Logo-eps-converted-to.pdf>])
\openout2 = `Content/Preamble/TaskDescription.aux'.


(./Content/Preamble/TaskDescription.tex
LaTeX Font Info:    Try loading font information for TS1+aess on input line 21.

LaTeX Font Info:    No file TS1aess.fd. on input line 21.


LaTeX Font Warning: Font shape `TS1/aess/m/n' undefined
(Font)              using `TS1/cmr/m/n' instead
(Font)              for symbol `textregistered' on input line 21.

(c:/texlive/2012/texmf-dist/tex/latex/microtype/mt-cmr.cfg
File: mt-cmr.cfg 2009/11/09 v2.0 microtype config. file: Computer Modern Roman 
(RS)
)
LaTeX Font Info:    Try loading font information for OML+cmbrm on input line 52
.

(c:/texlive/2012/texmf-dist/tex/latex/cmbright/omlcmbrm.fd
File: omlcmbrm.fd 2005/04/13 v8.1 (WaS)
)
LaTeX Font Info:    Try loading font information for OMS+cmbrs on input line 52
.

(c:/texlive/2012/texmf-dist/tex/latex/cmbright/omscmbrs.fd
File: omscmbrs.fd 2005/04/13 v8.1 (WaS)
)
(c:/texlive/2012/texmf-dist/tex/latex/microtype/mt-msa.cfg
File: mt-msa.cfg 2006/02/04 v1.1 microtype config. file: AMS symbols (a) (RS)
)
(c:/texlive/2012/texmf-dist/tex/latex/microtype/mt-msb.cfg
File: mt-msb.cfg 2005/06/01 v1.0 microtype config. file: AMS symbols (b) (RS)
) [2



] [3])
\openout2 = `Content/Preamble/StatutoryDeclaration.aux'.


(./Content/Preamble/StatutoryDeclaration.tex [4



])
\openout2 = `Content/Lists.aux'.

 (./Content/Lists.tex
Package tocbasic Info: character protrusion at toc deactivated on input line 1.


(./Diplomarbeit.toc [5




])
\tf@toc=\write6
\openout6 = `Diplomarbeit.toc'.

 [6]
Package tocbasic Info: character protrusion at lof deactivated on input line 2.

 (./Diplomarbeit.lof)
\tf@lof=\write7
\openout7 = `Diplomarbeit.lof'.

 [7

]
Package tocbasic Info: character protrusion at lot deactivated on input line 3.

 (./Diplomarbeit.lot)
\tf@lot=\write8
\openout8 = `Diplomarbeit.lot'.


(./Diplomarbeit.nls [8

]
LaTeX Font Info:    Font shape `T1/aess/m/it' in size <12> not available
(Font)              Font shape `T1/aess/m/sl' tried instead on input line 24.
 [9

] [10] [11] [12] [13] [14])) [15]
\openout2 = `Content/Abstract.aux'.


(./Content/Abstract.tex [1




])
\openout2 = `Content/Introduction.aux'.

 (./Content/Introduction.tex
Chapter 1.
) [2



] [3]
\openout2 = `Content/AirSep.aux'.

 (./Content/AirSep.tex
Chapter 2.
(./Pictures/tech_compar.tex
Package epstopdf Info: Source file: <Pictures/tech_comp_graph.eps>
(epstopdf)                    date: 2012-04-19 14:02:47
(epstopdf)                    size: 357826 bytes
(epstopdf)             Output file: <Pictures/tech_comp_graph-eps-converted-to.
pdf>
(epstopdf)                    date: 2012-04-19 14:21:07
(epstopdf)                    size: 67221 bytes
(epstopdf)             Command: <repstopdf --outfile=Pictures/tech_comp_graph-e
ps-converted-to.pdf Pictures/tech_comp_graph.eps>
(epstopdf)             \includegraphics on input line 7.
Package epstopdf Info: Output file is already uptodate.

<Pictures/tech_comp_graph-eps-converted-to.pdf, id=444, 613.29124pt x 289.08pt>
File: Pictures/tech_comp_graph-eps-converted-to.pdf Graphic file (type pdf)
<use Pictures/tech_comp_graph-eps-converted-to.pdf>
Package pdftex.def Info: Pictures/tech_comp_graph-eps-converted-to.pdf used on 
input line 7.
(pdftex.def)             Requested size: 369.88582pt x 174.34917pt.
)
(./Pictures/ASU_general.tex) [4



 <./Pictures/tech_comp_graph-eps-converted-to.pdf>] [5] (./Pictures/PSA_tikz.te
x) (./pgfplots/GasPermeation.tex) [6]) [7]
\openout2 = `Content/ProcessEconomics.aux'.


(./Content/ProcessEconomics.tex
Chapter 3.
[8



] (./Tables/PriceIndices.tex) [9] [10] [11] [12] [13]
(./pgfplots/ProjectCashFlow.tex) [14] [15]) [16]
\openout2 = `Content/ProcessModel.aux'.

 (./Content/ProcessModel.tex
Chapter 4.
(./Pictures/ASU_general_color.tex) (./Content/Process_steady.tex
(./Content/Process_steady_separation.tex [17



]
(./Pictures/col_complete_super.tex) (./Pictures/col_stage_super.tex) [18]
[19] [20]

LaTeX Warning: Reference `sec:peng-rob' on page 21 undefined on input line 192.


(./Pictures/condenser.tex) (./Pictures/reboiler.tex) [21] [22])
(./Pictures/condenser_reboiler.tex
Missing character: There is no ; in font nullfont!
Missing character: There is no ; in font nullfont!
Missing character: There is no ; in font nullfont!
Missing character: There is no ; in font nullfont!
Missing character: There is no ; in font nullfont!
Missing character: There is no ; in font nullfont!
Missing character: There is no ; in font nullfont!
) [23] [24] [25]
(./Pictures/HX_superstructure.tex) [26] (./pgfplots/Compressor.tex) [27]
[28] (./GNUPlot/pr_isenthalpes.tex
Package epstopdf Info: Source file: <GNUPlot/pr_isenthalpes.eps>
(epstopdf)                    date: 2012-09-04 16:25:07
(epstopdf)                    size: 22762 bytes
(epstopdf)             Output file: <GNUPlot/pr_isenthalpes-eps-converted-to.pd
f>
(epstopdf)                    date: 2012-09-04 16:30:46
(epstopdf)                    size: 5887 bytes
(epstopdf)             Command: <repstopdf --outfile=GNUPlot/pr_isenthalpes-eps
-converted-to.pdf GNUPlot/pr_isenthalpes.eps>
(epstopdf)             \includegraphics on input line 111.
Package epstopdf Info: Output file is already uptodate.

<GNUPlot/pr_isenthalpes-eps-converted-to.pdf, id=719, 238.8925pt x 141.52875pt>
File: GNUPlot/pr_isenthalpes-eps-converted-to.pdf Graphic file (type pdf)
<use GNUPlot/pr_isenthalpes-eps-converted-to.pdf>
Package pdftex.def Info: GNUPlot/pr_isenthalpes-eps-converted-to.pdf used on in
put line 111.
(pdftex.def)             Requested size: 238.8919pt x 141.5284pt.
) [29 <./GNUPlot/pr_isenthalpes-eps-converted-to.pdf>]) (./Content/Process_dyna
mic.tex [30] [31]
(./Pictures/tray_model.tex) [32] [33] [34]) (./Content/Process_econ.tex
[35] [36] [37] [38] (./Tables/PumpFactorsType.tex)
(./Tables/PumpFactorsMaterial.tex) [39] (./Tables/MotorTypeFactors.tex)
[40])

LaTeX Warning: Reference `sec:comp_liq' on page 41 undefined on input line 58.

[41]

LaTeX Warning: Reference `app:peng_rob_deriv' on page 42 undefined on input lin
e 83.

(./Content/Process_impl.tex [42] [43] (./Pictures/gP_ModelStructure.tex)
[44] [45


] [46]
LaTeX Font Info:    Try loading font information for T1+aett on input line 144.

 (c:/texlive/2012/texmf-dist/tex/latex/ae/t1aett.fd
File: t1aett.fd 1997/11/16 Font definitions for T1/aett.
) [47]
Overfull \hbox (10.28485pt too wide) in paragraph at lines 213--214
[][][][][][][][][][][][][][][][][][][][][][][][][][][] 
 []


Overfull \hbox (10.28485pt too wide) in paragraph at lines 214--215
[][][][][][][][][][][][][][][][][][][][][][][][][][][] 
 []

)) [48] [49]
\openout2 = `Content/optimization.aux'.

 (./Content/optimization.tex
Chapter 5.
(./Content/optimization_theory.tex
Underfull \hbox (badness 10000) in paragraph at lines 9--19

 []

[50



] [51]) (./Content/optimization_MINLP.tex
Underfull \hbox (badness 10000) in paragraph at lines 30--36

 []


Underfull \hbox (badness 10000) in paragraph at lines 30--36

 []

[52]
Underfull \hbox (badness 10000) in paragraph at lines 37--53

 []


Underfull \hbox (badness 10000) in paragraph at lines 54--68

 []


Underfull \hbox (badness 10000) in paragraph at lines 54--68

 []


Underfull \hbox (badness 10000) in paragraph at lines 69--80

 []

[53] [54]
Underfull \hbox (badness 10000) in paragraph at lines 125--137

 []

[55] (./GNUPlot/FB_Plot.tex
Package epstopdf Info: Source file: <GNUPlot/FB_Plot.eps>
(epstopdf)                    date: 2012-11-26 14:58:02
(epstopdf)                    size: 18101 bytes
(epstopdf)             Output file: <GNUPlot/FB_Plot-eps-converted-to.pdf>
(epstopdf)                    date: 2012-11-26 15:13:22
(epstopdf)                    size: 3386 bytes
(epstopdf)             Command: <repstopdf --outfile=GNUPlot/FB_Plot-eps-conver
ted-to.pdf GNUPlot/FB_Plot.eps>
(epstopdf)             \includegraphics on input line 92.
Package epstopdf Info: Output file is already uptodate.

<GNUPlot/FB_Plot-eps-converted-to.pdf, id=1072, 238.8925pt x 96.36pt>
File: GNUPlot/FB_Plot-eps-converted-to.pdf Graphic file (type pdf)

<use GNUPlot/FB_Plot-eps-converted-to.pdf>
Package pdftex.def Info: GNUPlot/FB_Plot-eps-converted-to.pdf used on input lin
e 92.
(pdftex.def)             Requested size: 238.8919pt x 96.35974pt.
)
Overfull \hbox (6.81407pt too wide) in paragraph at lines 94--171
[][] 
 []

(./GNUPlot/DDF_Plot.tex
Package epstopdf Info: Source file: <GNUPlot/DDF_Plot.eps>
(epstopdf)                    date: 2012-12-07 12:10:26
(epstopdf)                    size: 56605 bytes
(epstopdf)             Output file: <GNUPlot/DDF_Plot-eps-converted-to.pdf>
(epstopdf)                    date: 2012-12-07 12:11:16
(epstopdf)                    size: 15778 bytes
(epstopdf)             Command: <repstopdf --outfile=GNUPlot/DDF_Plot-eps-conve
rted-to.pdf GNUPlot/DDF_Plot.eps>
(epstopdf)             \includegraphics on input line 99.
Package epstopdf Info: Output file is already uptodate.

<GNUPlot/DDF_Plot-eps-converted-to.pdf, id=1073, 238.8925pt x 96.36pt>
File: GNUPlot/DDF_Plot-eps-converted-to.pdf Graphic file (type pdf)

<use GNUPlot/DDF_Plot-eps-converted-to.pdf>
Package pdftex.def Info: GNUPlot/DDF_Plot-eps-converted-to.pdf used on input li
ne 99.
(pdftex.def)             Requested size: 238.8919pt x 96.35974pt.
)
Overfull \hbox (6.81407pt too wide) in paragraph at lines 101--176
[][] 
 []

[56 <./GNUPlot/FB_Plot-eps-converted-to.pdf> <./GNUPlot/DDF_Plot-eps-converted-
to.pdf>])) [57]
\openout2 = `Content/ModelApp.aux'.

 (./Content/ModelApp.tex
Chapter 6.
Package epstopdf Info: Source file: <Pictures/ASU_superstructure.eps>
(epstopdf)                    date: 2012-12-11 17:54:03
(epstopdf)                    size: 70932 bytes
(epstopdf)             Output file: <Pictures/ASU_superstructure-eps-converted-
to.pdf>
(epstopdf)                    date: 2012-12-11 18:01:47
(epstopdf)                    size: 29016 bytes
(epstopdf)             Command: <repstopdf --outfile=Pictures/ASU_superstructur
e-eps-converted-to.pdf Pictures/ASU_superstructure.eps>
(epstopdf)             \includegraphics on input line 9.
Package epstopdf Info: Output file is already uptodate.

<Pictures/ASU_superstructure-eps-converted-to.pdf, id=1099, 600.2425pt x 539.01
375pt>
File: Pictures/ASU_superstructure-eps-converted-to.pdf Graphic file (type pdf)
 <use Pictures/ASU_superstructure-eps-converted-to.pdf>
Package pdftex.def Info: Pictures/ASU_superstructure-eps-converted-to.pdf used 
on input line 9.
(pdftex.def)             Requested size: 483.69684pt x 434.36984pt.

(./Content/SteadyApp.tex [58



] [59 <./Pictures/ASU_superstructure-eps-converted-to.pdf>] (./Tables/Discrepan
cy.tex) [60] [61] [62] (./Pictures/LPC_example.tex)
Underfull \hbox (badness 10000) in paragraph at lines 221--221
[][][]|\T1/aess/m/n/12 (+20) ex-ample
 []

(./Tables/LPC_example_data.tex)
Overfull \hbox (6.10838pt too wide) in paragraph at lines 225--226
[][] 
 []


LaTeX Font Warning: Font shape `OT1/cmbr/bx/n' in size <8> not available
(Font)              Font shape `OT1/cmbr/m/n' tried instead on input line 242.


LaTeX Font Warning: Font shape `OT1/cmbr/bx/n' in size <6> not available
(Font)              Font shape `OT1/cmbr/m/n' tried instead on input line 242.

[63] [64] (./GNUPlot/LPC_init_o2.tex

LaTeX Font Warning: Font shape `OT1/cmbr/bx/n' in size <5> not available
(Font)              Font shape `OT1/cmbr/m/n' tried instead on input line 104.

Package epstopdf Info: Source file: <GNUPlot/LPC_init_o2.eps>
(epstopdf)                    date: 2012-09-01 17:32:11
(epstopdf)                    size: 18918 bytes
(epstopdf)             Output file: <GNUPlot/LPC_init_o2-eps-converted-to.pdf>
(epstopdf)                    date: 2012-09-01 17:33:33
(epstopdf)                    size: 4044 bytes
(epstopdf)             Command: <repstopdf --outfile=GNUPlot/LPC_init_o2-eps-co
nverted-to.pdf GNUPlot/LPC_init_o2.eps>
(epstopdf)             \includegraphics on input line 105.
Package epstopdf Info: Output file is already uptodate.
<GNUPlot/LPC_init_o2-eps-converted-to.pdf, id=1180, 238.8925pt x 141.52875pt>
File: GNUPlot/LPC_init_o2-eps-converted-to.pdf Graphic file (type pdf)

<use GNUPlot/LPC_init_o2-eps-converted-to.pdf>
Package pdftex.def Info: GNUPlot/LPC_init_o2-eps-converted-to.pdf used on input
 line 105.
(pdftex.def)             Requested size: 238.8919pt x 141.5284pt.
)
Overfull \hbox (21.32439pt too wide) in paragraph at lines 107--282
[][] 
 []

(./GNUPlot/LPC_init_n2.tex
Package epstopdf Info: Source file: <GNUPlot/LPC_init_n2.eps>
(epstopdf)                    date: 2012-09-01 17:32:10
(epstopdf)                    size: 18995 bytes
(epstopdf)             Output file: <GNUPlot/LPC_init_n2-eps-converted-to.pdf>
(epstopdf)                    date: 2012-09-01 17:33:35
(epstopdf)                    size: 3765 bytes
(epstopdf)             Command: <repstopdf --outfile=GNUPlot/LPC_init_n2-eps-co
nverted-to.pdf GNUPlot/LPC_init_n2.eps>
(epstopdf)             \includegraphics on input line 105.
Package epstopdf Info: Output file is already uptodate.

<GNUPlot/LPC_init_n2-eps-converted-to.pdf, id=1181, 238.8925pt x 141.52875pt>
File: GNUPlot/LPC_init_n2-eps-converted-to.pdf Graphic file (type pdf)

<use GNUPlot/LPC_init_n2-eps-converted-to.pdf>
Package pdftex.def Info: GNUPlot/LPC_init_n2-eps-converted-to.pdf used on input
 line 105.
(pdftex.def)             Requested size: 238.8919pt x 141.5284pt.
)
Overfull \hbox (21.32439pt too wide) in paragraph at lines 107--288
[][] 
 []

(./Tables/SS_results_cont.tex

LaTeX Font Warning: Font shape `OT1/cmbr/bx/n' in size <7> not available
(Font)              Font shape `OT1/cmbr/m/n' tried instead on input line 5.

) (./Tables/SS_results_disc.tex) (./Tables/SS_results_time.tex) [65 <./GNUPlot/
LPC_init_o2-eps-converted-to.pdf> <./GNUPlot/LPC_init_n2-eps-converted-to.pdf>]
(./Tables/SS_constraints.tex) [66] (./GNUPlot/FB_converge.tex
Package epstopdf Info: Source file: <GNUPlot/FB_converge.eps>
(epstopdf)                    date: 2012-12-07 20:03:16
(epstopdf)                    size: 17672 bytes
(epstopdf)             Output file: <GNUPlot/FB_converge-eps-converted-to.pdf>
(epstopdf)                    date: 2012-12-07 22:50:47
(epstopdf)                    size: 3176 bytes
(epstopdf)             Command: <repstopdf --outfile=GNUPlot/FB_converge-eps-co
nverted-to.pdf GNUPlot/FB_converge.eps>
(epstopdf)             \includegraphics on input line 108.
Package epstopdf Info: Output file is already uptodate.

<GNUPlot/FB_converge-eps-converted-to.pdf, id=1200, 238.8925pt x 96.36pt>
File: GNUPlot/FB_converge-eps-converted-to.pdf Graphic file (type pdf)

<use GNUPlot/FB_converge-eps-converted-to.pdf>
Package pdftex.def Info: GNUPlot/FB_converge-eps-converted-to.pdf used on input
 line 108.
(pdftex.def)             Requested size: 238.8919pt x 96.35974pt.
) [67 <./GNUPlot/FB_converge-eps-converted-to.pdf>] (./Tables/SS_results_dual_c
ont.tex
Overfull \hbox (5.43454pt too wide) in paragraph at lines 5--10
 [] 
 []

) (./Tables/SS_results_dual_disc.tex) [68]) (./Content/DynamicApp.tex [69]
[70] [71] [72] (./GNUPlot/step_response.tex
Package epstopdf Info: Source file: <GNUPlot/B1_Plot.eps>
(epstopdf)                    date: 2013-01-23 18:43:28
(epstopdf)                    size: 2076672 bytes
(epstopdf)             Output file: <GNUPlot/B1_Plot-eps-converted-to.pdf>
(epstopdf)                    date: 2013-01-23 18:44:04
(epstopdf)                    size: 242600 bytes
(epstopdf)             Command: <repstopdf --outfile=GNUPlot/B1_Plot-eps-conver
ted-to.pdf GNUPlot/B1_Plot.eps>
(epstopdf)             \includegraphics on input line 53.
Package epstopdf Info: Output file is already uptodate.

<GNUPlot/B1_Plot-eps-converted-to.pdf, id=1239, 648.4225pt x 426.59375pt>
File: GNUPlot/B1_Plot-eps-converted-to.pdf Graphic file (type pdf)

<use GNUPlot/B1_Plot-eps-converted-to.pdf>
Package pdftex.def Info: GNUPlot/B1_Plot-eps-converted-to.pdf used on input lin
e 53.
(pdftex.def)             Requested size: 648.42091pt x 426.5927pt.
) [73 <./GNUPlot/B1_Plot-eps-converted-to.pdf>] (./GNUPlot/N2_ADyn_plus.tex
Package epstopdf Info: Source file: <GNUPlot/N2_ADyn_plus.eps>
(epstopdf)                    date: 2013-01-25 14:23:39
(epstopdf)                    size: 18457 bytes
(epstopdf)             Output file: <GNUPlot/N2_ADyn_plus-eps-converted-to.pdf>

(epstopdf)                    date: 2013-01-25 14:24:35
(epstopdf)                    size: 3359 bytes
(epstopdf)             Command: <repstopdf --outfile=GNUPlot/N2_ADyn_plus-eps-c
onverted-to.pdf GNUPlot/N2_ADyn_plus.eps>
(epstopdf)             \includegraphics on input line 107.
Package epstopdf Info: Output file is already uptodate.

<GNUPlot/N2_ADyn_plus-eps-converted-to.pdf, id=1247, 238.8925pt x 141.52875pt>
File: GNUPlot/N2_ADyn_plus-eps-converted-to.pdf Graphic file (type pdf)

<use GNUPlot/N2_ADyn_plus-eps-converted-to.pdf>
Package pdftex.def Info: GNUPlot/N2_ADyn_plus-eps-converted-to.pdf used on inpu
t line 107.
(pdftex.def)             Requested size: 238.8919pt x 141.5284pt.
)
Overfull \hbox (6.81407pt too wide) in paragraph at lines 109--152
[][] 
 []

(./GNUPlot/N2_ADyn_minus.tex
Package epstopdf Info: Source file: <GNUPlot/N2_ADyn_minus.eps>
(epstopdf)                    date: 2013-01-25 14:23:43
(epstopdf)                    size: 18458 bytes
(epstopdf)             Output file: <GNUPlot/N2_ADyn_minus-eps-converted-to.pdf
>
(epstopdf)                    date: 2013-01-25 14:24:37
(epstopdf)                    size: 3378 bytes
(epstopdf)             Command: <repstopdf --outfile=GNUPlot/N2_ADyn_minus-eps-
converted-to.pdf GNUPlot/N2_ADyn_minus.eps>
(epstopdf)             \includegraphics on input line 107.
Package epstopdf Info: Output file is already uptodate.

<GNUPlot/N2_ADyn_minus-eps-converted-to.pdf, id=1248, 238.8925pt x 141.52875pt>
File: GNUPlot/N2_ADyn_minus-eps-converted-to.pdf Graphic file (type pdf)
<use GNUPlot/N2_ADyn_minus-eps-converted-to.pdf>
Package pdftex.def Info: GNUPlot/N2_ADyn_minus-eps-converted-to.pdf used on inp
ut line 107.
(pdftex.def)             Requested size: 238.8919pt x 141.5284pt.
)
Overfull \hbox (6.81407pt too wide) in paragraph at lines 109--157
[][] 
 []

(./GNUPlot/LPC_init_o2_s1.tex
Package epstopdf Info: Source file: <GNUPlot/LPC_init_o2_s1.eps>
(epstopdf)                    date: 2013-01-28 22:57:38
(epstopdf)                    size: 16969 bytes
(epstopdf)             Output file: <GNUPlot/LPC_init_o2_s1-eps-converted-to.pd
f>
(epstopdf)                    date: 2013-01-28 22:58:57
(epstopdf)                    size: 3237 bytes
(epstopdf)             Command: <repstopdf --outfile=GNUPlot/LPC_init_o2_s1-eps
-converted-to.pdf GNUPlot/LPC_init_o2_s1.eps>
(epstopdf)             \includegraphics on input line 99.
Package epstopdf Info: Output file is already uptodate.

<GNUPlot/LPC_init_o2_s1-eps-converted-to.pdf, id=1249, 238.8925pt x 141.52875pt
>
File: GNUPlot/LPC_init_o2_s1-eps-converted-to.pdf Graphic file (type pdf)
 <use GNUPlot/LPC_init_o2_s1-eps-converted-to.pdf>
Package pdftex.def Info: GNUPlot/LPC_init_o2_s1-eps-converted-to.pdf used on in
put line 99.
(pdftex.def)             Requested size: 238.8919pt x 141.5284pt.
)
Overfull \hbox (6.81407pt too wide) in paragraph at lines 101--167
[][] 
 []

(./GNUPlot/LPC_init_o2_s2.tex
Package epstopdf Info: Source file: <GNUPlot/LPC_init_o2_s2.eps>
(epstopdf)                    date: 2013-01-28 22:57:44
(epstopdf)                    size: 17604 bytes
(epstopdf)             Output file: <GNUPlot/LPC_init_o2_s2-eps-converted-to.pd
f>
(epstopdf)                    date: 2013-01-28 22:58:59
(epstopdf)                    size: 3504 bytes
(epstopdf)             Command: <repstopdf --outfile=GNUPlot/LPC_init_o2_s2-eps
-converted-to.pdf GNUPlot/LPC_init_o2_s2.eps>
(epstopdf)             \includegraphics on input line 101.
Package epstopdf Info: Output file is already uptodate.

<GNUPlot/LPC_init_o2_s2-eps-converted-to.pdf, id=1250, 238.8925pt x 141.52875pt
>
File: GNUPlot/LPC_init_o2_s2-eps-converted-to.pdf Graphic file (type pdf)
 <use GNUPlot/LPC_init_o2_s2-eps-converted-to.pdf>
Package pdftex.def Info: GNUPlot/LPC_init_o2_s2-eps-converted-to.pdf used on in
put line 101.
(pdftex.def)             Requested size: 238.8919pt x 141.5284pt.
)
Overfull \hbox (6.81407pt too wide) in paragraph at lines 103--172
[][] 
 []

(./GNUPlot/LPC_init_o2_s3.tex
Package epstopdf Info: Source file: <GNUPlot/LPC_init_o2_s3.eps>
(epstopdf)                    date: 2013-01-28 22:57:46
(epstopdf)                    size: 18262 bytes
(epstopdf)             Output file: <GNUPlot/LPC_init_o2_s3-eps-converted-to.pd
f>
(epstopdf)                    date: 2013-01-28 22:59:01
(epstopdf)                    size: 3772 bytes
(epstopdf)             Command: <repstopdf --outfile=GNUPlot/LPC_init_o2_s3-eps
-converted-to.pdf GNUPlot/LPC_init_o2_s3.eps>
(epstopdf)             \includegraphics on input line 103.
Package epstopdf Info: Output file is already uptodate.

<GNUPlot/LPC_init_o2_s3-eps-converted-to.pdf, id=1251, 238.8925pt x 141.52875pt
>
File: GNUPlot/LPC_init_o2_s3-eps-converted-to.pdf Graphic file (type pdf)
 <use GNUPlot/LPC_init_o2_s3-eps-converted-to.pdf>
Package pdftex.def Info: GNUPlot/LPC_init_o2_s3-eps-converted-to.pdf used on in
put line 103.
(pdftex.def)             Requested size: 238.8919pt x 141.5284pt.
)
Overfull \hbox (6.81407pt too wide) in paragraph at lines 105--182
[][] 
 []

(./GNUPlot/LPC_init_o2_s4.tex
Package epstopdf Info: Source file: <GNUPlot/LPC_init_o2_s4.eps>
(epstopdf)                    date: 2013-01-28 22:57:48
(epstopdf)                    size: 18924 bytes
(epstopdf)             Output file: <GNUPlot/LPC_init_o2_s4-eps-converted-to.pd
f>
(epstopdf)                    date: 2013-01-28 22:59:03
(epstopdf)                    size: 4045 bytes
(epstopdf)             Command: <repstopdf --outfile=GNUPlot/LPC_init_o2_s4-eps
-converted-to.pdf GNUPlot/LPC_init_o2_s4.eps>
(epstopdf)             \includegraphics on input line 105.
Package epstopdf Info: Output file is already uptodate.

<GNUPlot/LPC_init_o2_s4-eps-converted-to.pdf, id=1252, 238.8925pt x 141.52875pt
>
File: GNUPlot/LPC_init_o2_s4-eps-converted-to.pdf Graphic file (type pdf)
 <use GNUPlot/LPC_init_o2_s4-eps-converted-to.pdf>
Package pdftex.def Info: GNUPlot/LPC_init_o2_s4-eps-converted-to.pdf used on in
put line 105.
(pdftex.def)             Requested size: 238.8919pt x 141.5284pt.
)
Overfull \hbox (6.81407pt too wide) in paragraph at lines 107--187
[][] 
 []

) (./Content/IssuesApp.tex [74


 <./GNUPlot/N2_ADyn_plus-eps-converted-to.pdf> <./GNUPlot/N2_ADyn_minus-eps-con
verted-to.pdf>] [75 <./GNUPlot/LPC_init_o2_s1-eps-converted-to.pdf> <./GNUPlot/
LPC_init_o2_s2-eps-converted-to.pdf> <./GNUPlot/LPC_init_o2_s3-eps-converted-to
.pdf> <./GNUPlot/LPC_init_o2_s4-eps-converted-to.pdf>])) [76]
\openout2 = `Content/outlook.aux'.

 (./Content/outlook.tex
Chapter 7.
) [77



] (./Diplomarbeit.bbl [78


] [79] [80])
Package atveryend Info: Empty hook `BeforeClearDocument' on input line 62.
 [81]
Package atveryend Info: Empty hook `AfterLastShipout' on input line 62.
 (./Diplomarbeit.aux
(./Content/Preamble/CoverPage.aux) (./Content/Preamble/TaskDescription.aux)
(./Content/Preamble/StatutoryDeclaration.aux) (./Content/Lists.aux)
(./Content/Abstract.aux) (./Content/Introduction.aux) (./Content/AirSep.aux)
(./Content/ProcessEconomics.aux) (./Content/ProcessModel.aux)
(./Content/optimization.aux) (./Content/ModelApp.aux) (./Content/outlook.aux))
Package atveryend Info: Executing hook `AtVeryEndDocument' on input line 62.
Package atveryend Info: Executing hook `AtEndAfterFileList' on input line 62.
Package rerunfilecheck Info: File `Diplomarbeit.out' has not changed.
(rerunfilecheck)             Checksum: E1D472A6251A3503B8A2E1D265482527;3471.


LaTeX Font Warning: Some font shapes were not available, defaults substituted.


LaTeX Warning: There were undefined references.


LaTeX Warning: There were multiply-defined labels.

Package atveryend Info: Empty hook `AtVeryVeryEnd' on input line 62.
 ) 
Here is how much of TeX's memory you used:
 40899 strings out of 493488
 835069 string characters out of 3144749
 1085674 words of memory out of 3000000
 42294 multiletter control sequences out of 15000+200000
 76867 words of font info for 355 fonts, out of 3000000 for 9000
 957 hyphenation exceptions out of 8191
 76i,17n,92p,679b,1666s stack positions out of 5000i,500n,10000p,200000b,50000s
{c:/texlive/2012/texmf-dist/fonts/enc/dvips/cm-super/cm-super-ts1.enc}<c:/tex
live/2012/texmf-dist/fonts/type1/public/amsfonts/cm/cmex10.pfb><c:/texlive/2012
/texmf-dist/fonts/type1/public/amsfonts/cmextra/cmex8.pfb><c:/texlive/2012/texm
f-dist/fonts/type1/public/amsfonts/cm/cmmi10.pfb><c:/texlive/2012/texmf-dist/fo
nts/type1/public/amsfonts/cm/cmss10.pfb><c:/texlive/2012/texmf-dist/fonts/type1
/public/amsfonts/cm/cmss12.pfb><c:/texlive/2012/texmf-dist/fonts/type1/public/a
msfonts/cm/cmss17.pfb><c:/texlive/2012/texmf-dist/fonts/type1/public/amsfonts/c
m/cmss8.pfb><c:/texlive/2012/texmf-dist/fonts/type1/public/amsfonts/cm/cmssbx10
.pfb><c:/texlive/2012/texmf-dist/fonts/type1/public/amsfonts/cm/cmssi12.pfb><c:
/texlive/2012/texmf-dist/fonts/type1/public/amsfonts/cm/cmtt12.pfb><c:/texlive/
2012/texmf-dist/fonts/type1/public/hfbright/hfbr10.pfb><c:/texlive/2012/texmf-d
ist/fonts/type1/public/hfbright/hfbr8.pfb><c:/texlive/2012/texmf-dist/fonts/typ
e1/public/hfbright/hfbrbs10.pfb><c:/texlive/2012/texmf-dist/fonts/type1/public/
hfbright/hfbrbx10.pfb><c:/texlive/2012/texmf-dist/fonts/type1/public/hfbright/h
fbrmi10.pfb><c:/texlive/2012/texmf-dist/fonts/type1/public/hfbright/hfbrmi8.pfb
><c:/texlive/2012/texmf-dist/fonts/type1/public/hfbright/hfbrsy10.pfb><c:/texli
ve/2012/texmf-dist/fonts/type1/public/hfbright/hfbrsy8.pfb><c:/texlive/2012/tex
mf-dist/fonts/type1/public/cm-super/sfrm0600.pfb><c:/texlive/2012/texmf-dist/fo
nts/type1/public/cm-super/sfrm0800.pfb>
Output written on Diplomarbeit.pdf (96 pages, 1372083 bytes).
PDF statistics:
 1491 PDF objects out of 1728 (max. 8388607)
 1312 compressed objects within 14 object streams
 518 named destinations out of 1000 (max. 500000)
 46167 words of extra memory for PDF output out of 51595 (max. 10000000)

