\BOOKMARK [0][-]{chapter.1}{Introduction}{}% 1
\BOOKMARK [0][-]{chapter.2}{Air separation technology}{}% 2
\BOOKMARK [1][-]{section.2.1}{Cryogenic air separation}{chapter.2}% 3
\BOOKMARK [1][-]{section.2.2}{Pressure swing adsorption}{chapter.2}% 4
\BOOKMARK [1][-]{section.2.3}{Gas permeation}{chapter.2}% 5
\BOOKMARK [0][-]{chapter.3}{Process design under uncertainty}{}% 6
\BOOKMARK [1][-]{section.3.1}{Earlier work}{chapter.3}% 7
\BOOKMARK [0][-]{chapter.4}{Process economics}{}% 8
\BOOKMARK [1][-]{section.4.1}{Project cost}{chapter.4}% 9
\BOOKMARK [2][-]{subsection.4.1.1}{Before process design}{section.4.1}% 10
\BOOKMARK [2][-]{subsection.4.1.2}{During process design}{section.4.1}% 11
\BOOKMARK [1][-]{section.4.2}{Investment criteria}{chapter.4}% 12
\BOOKMARK [2][-]{subsection.4.2.1}{Single period estimation methods}{section.4.2}% 13
\BOOKMARK [2][-]{subsection.4.2.2}{Multi period estimation methods}{section.4.2}% 14
\BOOKMARK [0][-]{chapter.5}{Mathematical process model}{}% 15
\BOOKMARK [1][-]{section.5.1}{Steady state model}{chapter.5}% 16
\BOOKMARK [2][-]{subsection.5.1.1}{Distillation column}{section.5.1}% 17
\BOOKMARK [2][-]{subsection.5.1.2}{Compressor / expander}{section.5.1}% 18
\BOOKMARK [2][-]{subsection.5.1.3}{Centrifugal pump}{section.5.1}% 19
\BOOKMARK [2][-]{subsection.5.1.4}{Reboiler}{section.5.1}% 20
\BOOKMARK [2][-]{subsection.5.1.5}{Heater}{section.5.1}% 21
\BOOKMARK [2][-]{subsection.5.1.6}{Splitter}{section.5.1}% 22
\BOOKMARK [1][-]{section.5.2}{Economic models}{chapter.5}% 23
\BOOKMARK [2][-]{subsection.5.2.1}{Destillation column}{section.5.2}% 24
\BOOKMARK [2][-]{subsection.5.2.2}{Centrifugal pump}{section.5.2}% 25
\BOOKMARK [2][-]{subsection.5.2.3}{Compressor}{section.5.2}% 26
\BOOKMARK [2][-]{subsection.5.2.4}{Reboiler / condenser}{section.5.2}% 27
\BOOKMARK [0][-]{chapter.6}{Mathematical considerations}{}% 28
\BOOKMARK [1][-]{section.6.1}{Robust column model}{chapter.6}% 29
\BOOKMARK [0][-]{chapter.7}{Conclusion and further research}{}% 30
\BOOKMARK [0][-]{chapter*.83}{Bibliography}{}% 31
